Log file open, 05/06/20 17:11:56
LogWindows: Failed to load 'aqProf.dll' (GetLastError=126)
LogWindows: File 'aqProf.dll' does not exist
LogWindows: Failed to load 'VtuneApi.dll' (GetLastError=126)
LogWindows: File 'VtuneApi.dll' does not exist
LogWindows: Failed to load 'VtuneApi32e.dll' (GetLastError=126)
LogWindows: File 'VtuneApi32e.dll' does not exist
LogConsoleResponse: Display: Failed to find resolution value strings in scalability ini. Falling back to default.
LogInit: Display: Running engine for game: Platformer
LogPlatformFile: Not using cached read wrapper
LogTaskGraph: Started task graph with 5 named threads and 35 total threads with 3 sets of task threads.
LogStats: Stats thread started at 0.509464
LogD3D11RHI: Loaded GFSDK_Aftermath_Lib.x64.dll
LogICUInternationalization: ICU TimeZone Detection - Raw Offset: +10:00, Platform Override: ''
LogPluginManager: Mounting plugin Paper2D
LogPluginManager: Mounting plugin AISupport
LogPluginManager: Mounting plugin LightPropagationVolume
LogPluginManager: Mounting plugin ActorLayerUtilities
LogPluginManager: Mounting plugin AnimationSharing
LogPluginManager: Mounting plugin CLionSourceCodeAccess
LogPluginManager: Mounting plugin CodeLiteSourceCodeAccess
LogPluginManager: Mounting plugin GitSourceControl
LogPluginManager: Mounting plugin KDevelopSourceCodeAccess
LogPluginManager: Mounting plugin NullSourceCodeAccess
LogPluginManager: Mounting plugin PerforceSourceControl
LogPluginManager: Mounting plugin PlasticSourceControl
LogPluginManager: Mounting plugin SubversionSourceControl
LogPluginManager: Mounting plugin UObjectPlugin
LogPluginManager: Mounting plugin VisualStudioCodeSourceCodeAccess
LogPluginManager: Mounting plugin VisualStudioSourceCodeAccess
LogPluginManager: Mounting plugin XCodeSourceCodeAccess
LogPluginManager: Mounting plugin AssetManagerEditor
LogPluginManager: Mounting plugin CryptoKeys
LogPluginManager: Mounting plugin CurveEditorTools
LogPluginManager: Mounting plugin DataValidation
LogPluginManager: Mounting plugin FacialAnimation
LogPluginManager: Mounting plugin GameplayTagsEditor
LogPluginManager: Mounting plugin MacGraphicsSwitching
LogPluginManager: Mounting plugin MaterialAnalyzer
LogPluginManager: Mounting plugin MobileLauncherProfileWizard
LogPluginManager: Mounting plugin PluginBrowser
LogPluginManager: Mounting plugin SpeedTreeImporter
LogPluginManager: Mounting plugin DatasmithContent
LogPluginManager: Mounting plugin VariantManagerContent
LogPluginManager: Mounting plugin AlembicImporter
LogPluginManager: Mounting plugin AutomationUtils
LogPluginManager: Mounting plugin BackChannel
LogPluginManager: Mounting plugin CharacterAI
LogPluginManager: Mounting plugin GeometryCache
LogPluginManager: Mounting plugin PlatformCrypto
LogPluginManager: Mounting plugin ProxyLODPlugin
LogPluginManager: Mounting plugin SkeletalReduction
LogPluginManager: Mounting plugin MagicLeap
LogPluginManager: Mounting plugin MagicLeapMedia
LogPluginManager: Mounting plugin MLSDK
LogPluginManager: Mounting plugin AndroidMedia
LogPluginManager: Mounting plugin AvfMedia
LogPluginManager: Mounting plugin ImgMedia
LogPluginManager: Mounting plugin MediaCompositing
LogPluginManager: Mounting plugin MediaPlayerEditor
LogPluginManager: Mounting plugin WebMMedia
LogPluginManager: Mounting plugin WmfMedia
LogPluginManager: Mounting plugin TcpMessaging
LogPluginManager: Mounting plugin UdpMessaging
LogPluginManager: Mounting plugin ActorSequence
LogPluginManager: Mounting plugin LevelSequenceEditor
LogPluginManager: Mounting plugin MatineeToLevelSequence
LogPluginManager: Mounting plugin NetcodeUnitTest
LogPluginManager: Mounting plugin NUTUnrealEngine4
LogPluginManager: Mounting plugin OnlineSubsystemGooglePlay
LogPluginManager: Mounting plugin OnlineSubsystemIOS
LogPluginManager: Mounting plugin OnlineSubsystem
LogPluginManager: Mounting plugin OnlineSubsystemNull
LogPluginManager: Mounting plugin OnlineSubsystemUtils
LogPluginManager: Mounting plugin LauncherChunkInstaller
LogPluginManager: Mounting plugin AndroidDeviceProfileSelector
LogPluginManager: Mounting plugin AndroidMoviePlayer
LogPluginManager: Mounting plugin AndroidPermission
LogPluginManager: Mounting plugin AppleImageUtils
LogPluginManager: Mounting plugin AppleMoviePlayer
LogPluginManager: Mounting plugin ArchVisCharacter
LogPluginManager: Mounting plugin AssetTags
LogPluginManager: Mounting plugin AudioCapture
LogPluginManager: Mounting plugin CableComponent
LogPluginManager: Mounting plugin CustomMeshComponent
LogPluginManager: Mounting plugin EditableMesh
LogPluginManager: Mounting plugin ExampleDeviceProfileSelector
LogPluginManager: Mounting plugin GoogleCloudMessaging
LogPluginManager: Mounting plugin IOSDeviceProfileSelector
LogPluginManager: Mounting plugin LinuxDeviceProfileSelector
LogPluginManager: Mounting plugin LocationServicesBPLibrary
LogPluginManager: Mounting plugin MobilePatchingUtils
LogPluginManager: Mounting plugin OculusVR
LogPluginManager: Mounting plugin PhysXVehicles
LogPluginManager: Mounting plugin PostSplashScreen
LogPluginManager: Mounting plugin ProceduralMeshComponent
LogPluginManager: Mounting plugin RuntimePhysXCooking
LogPluginManager: Mounting plugin SignificanceManager
LogPluginManager: Mounting plugin SteamVR
LogPluginManager: Mounting plugin WebMMoviePlayer
LogPluginManager: Mounting plugin WindowsMoviePlayer
LogPluginManager: Mounting plugin ScreenshotTools
LogInit: Using libcurl 7.55.1-DEV
LogInit:  - built for x86_64-pc-win32
LogInit:  - supports SSL with OpenSSL/1.1.1
LogInit:  - supports HTTP deflate (compression) using libz 1.2.8
LogInit:  - other features:
LogInit:      CURL_VERSION_SSL
LogInit:      CURL_VERSION_LIBZ
LogInit:      CURL_VERSION_IPV6
LogInit:      CURL_VERSION_ASYNCHDNS
LogInit:      CURL_VERSION_LARGEFILE
LogInit:      CURL_VERSION_IDN
LogInit:  CurlRequestOptions (configurable via config and command line):
LogInit:  - bVerifyPeer = true  - Libcurl will verify peer certificate
LogInit:  - bUseHttpProxy = false  - Libcurl will NOT use HTTP proxy
LogInit:  - bDontReuseConnections = false  - Libcurl will reuse connections
LogInit:  - MaxHostConnections = 16  - Libcurl will limit the number of connections to a host
LogInit:  - LocalHostAddr = Default
LogInit:  - BufferSize = 65536
LogOnline: OSS: Creating online subsystem instance for: NULL
LogInit: WinSock: version 1.1 (2.2), MaxSocks=32767, MaxUdp=65467
LogOnline: OSS: TryLoadSubsystemAndSetDefault: Loaded subsystem for module [NULL]
LogInit: Build: ++UE4+Release-4.24-CL-11590370
LogInit: Engine Version: 4.24.3-11590370+++UE4+Release-4.24
LogInit: Compatible Engine Version: 4.24.0-10570792+++UE4+Release-4.24
LogInit: Net CL: 10570792
LogInit: OS: Windows 10 (Release 1809) (), CPU: Intel(R) Core(TM) i7-9750H CPU @ 2.60GHz, GPU: Intel(R) UHD Graphics 630
LogInit: Compiled (64-bit): Feb 24 2020 15:39:18
LogInit: Compiled with Visual C++: 19.16.27032.01
LogInit: Build Configuration: Development
LogInit: Branch Name: ++UE4+Release-4.24
LogInit: Command Line: 
LogInit: Base Directory: C:/Program Files/Epic Games/UE_4.24/Engine/Binaries/Win64/
LogInit: Installed Engine Build: 1
LogDevObjectVersion: Number of dev versions registered: 25
LogDevObjectVersion:   Dev-Blueprints (B0D832E4-1F89-4F0D-ACCF-7EB736FD4AA2): 10
LogDevObjectVersion:   Dev-Build (E1C64328-A22C-4D53-A36C-8E866417BD8C): 0
LogDevObjectVersion:   Dev-Core (375EC13C-06E4-48FB-B500-84F0262A717E): 3
LogDevObjectVersion:   Dev-Editor (E4B068ED-F494-42E9-A231-DA0B2E46BB41): 37
LogDevObjectVersion:   Dev-Framework (CFFC743F-43B0-4480-9391-14DF171D2073): 36
LogDevObjectVersion:   Dev-Mobile (B02B49B5-BB20-44E9-A304-32B752E40360): 2
LogDevObjectVersion:   Dev-Networking (A4E4105C-59A1-49B5-A7C5-40C4547EDFEE): 0
LogDevObjectVersion:   Dev-Online (39C831C9-5AE6-47DC-9A44-9C173E1C8E7C): 0
LogDevObjectVersion:   Dev-Physics (78F01B33-EBEA-4F98-B9B4-84EACCB95AA2): 2
LogDevObjectVersion:   Dev-Platform (6631380F-2D4D-43E0-8009-CF276956A95A): 0
LogDevObjectVersion:   Dev-Rendering (12F88B9F-8875-4AFC-A67C-D90C383ABD29): 36
LogDevObjectVersion:   Dev-Sequencer (7B5AE74C-D270-4C10-A958-57980B212A5A): 11
LogDevObjectVersion:   Dev-VR (D7296918-1DD6-4BDD-9DE2-64A83CC13884): 2
LogDevObjectVersion:   Dev-LoadTimes (C2A15278-BFE7-4AFE-6C17-90FF531DF755): 1
LogDevObjectVersion:   Private-Geometry (6EACA3D4-40EC-4CC1-B786-8BED09428FC5): 3
LogDevObjectVersion:   Dev-AnimPhys (29E575DD-E0A3-4627-9D10-D276232CDCEA): 17
LogDevObjectVersion:   Dev-Anim (AF43A65D-7FD3-4947-9873-3E8ED9C1BB05): 2
LogDevObjectVersion:   Dev-ReflectionCapture (6B266CEC-1EC7-4B8F-A30B-E4D90942FC07): 1
LogDevObjectVersion:   Dev-Automation (0DF73D61-A23F-47EA-B727-89E90C41499A): 1
LogDevObjectVersion:   FortniteMain (601D1886-AC64-4F84-AA16-D3DE0DEAC7D6): 31
LogDevObjectVersion:   Dev-Enterprise (9DFFBCD6-494F-0158-E221-12823C92A888): 8
LogDevObjectVersion:   Dev-Niagara (F2AED0AC-9AFE-416F-8664-AA7FFA26D6FC): 1
LogDevObjectVersion:   Dev-Destruction (174F1F0B-B4C6-45A5-B13F-2EE8D0FB917D): 9
LogDevObjectVersion:   Dev-Physics-Ext (35F94A83-E258-406C-A318-09F59610247C): 8
LogDevObjectVersion:   Dev-CineCamera (B2E18506-4273-CFC2-A54E-F4BB758BBA07): 1
LogInit: Presizing for max 25165824 objects, including 0 objects not considered by GC, pre-allocating 0 bytes for permanent pool.
LogInit: Object subsystem initialized
LogConfig: Setting CVar [[con.DebugEarlyDefault:1]]
LogConfig: Setting CVar [[r.setres:1280x720]]
[2020.05.06-07.11.57:228][  0]LogConfig: Setting CVar [[r.VSync:0]]
[2020.05.06-07.11.57:228][  0]LogConfig: Setting CVar [[r.RHICmdBypass:0]]
[2020.05.06-07.11.57:228][  0]LogConfig: Applying CVar settings from Section [/Script/Engine.RendererSettings] File [C:/Users/arrn4.MSI/GitHub/UE4-Platformer/Platformer/Saved/Config/Windows/Engine.ini]
[2020.05.06-07.11.57:228][  0]LogConfig: Setting CVar [[r.GPUCrashDebugging:0]]
[2020.05.06-07.11.57:228][  0]LogConfig: Setting CVar [[r.DefaultFeature.AutoExposure:0]]
[2020.05.06-07.11.57:229][  0]LogConfig: Applying CVar settings from Section [/Script/Engine.RendererOverrideSettings] File [C:/Users/arrn4.MSI/GitHub/UE4-Platformer/Platformer/Saved/Config/Windows/Engine.ini]
[2020.05.06-07.11.57:229][  0]LogConfig: Applying CVar settings from Section [/Script/Engine.StreamingSettings] File [C:/Users/arrn4.MSI/GitHub/UE4-Platformer/Platformer/Saved/Config/Windows/Engine.ini]
[2020.05.06-07.11.57:229][  0]LogConfig: Setting CVar [[s.MinBulkDataSizeForAsyncLoading:131072]]
[2020.05.06-07.11.57:229][  0]LogConfig: Setting CVar [[s.AsyncLoadingThreadEnabled:0]]
[2020.05.06-07.11.57:229][  0]LogConfig: Setting CVar [[s.EventDrivenLoaderEnabled:1]]
[2020.05.06-07.11.57:229][  0]LogConfig: Setting CVar [[s.WarnIfTimeLimitExceeded:0]]
[2020.05.06-07.11.57:229][  0]LogConfig: Setting CVar [[s.TimeLimitExceededMultiplier:1.5]]
[2020.05.06-07.11.57:229][  0]LogConfig: Setting CVar [[s.TimeLimitExceededMinTime:0.005]]
[2020.05.06-07.11.57:229][  0]LogConfig: Setting CVar [[s.UseBackgroundLevelStreaming:1]]
[2020.05.06-07.11.57:229][  0]LogConfig: Setting CVar [[s.PriorityAsyncLoadingExtraTime:15.0]]
[2020.05.06-07.11.57:229][  0]LogConfig: Setting CVar [[s.LevelStreamingActorsUpdateTimeLimit:5.0]]
[2020.05.06-07.11.57:229][  0]LogConfig: Setting CVar [[s.PriorityLevelStreamingActorsUpdateExtraTime:5.0]]
[2020.05.06-07.11.57:229][  0]LogConfig: Setting CVar [[s.LevelStreamingComponentsRegistrationGranularity:10]]
[2020.05.06-07.11.57:229][  0]LogConfig: Setting CVar [[s.UnregisterComponentsTimeLimit:1.0]]
[2020.05.06-07.11.57:229][  0]LogConfig: Setting CVar [[s.LevelStreamingComponentsUnregistrationGranularity:5]]
[2020.05.06-07.11.57:229][  0]LogConfig: Setting CVar [[s.FlushStreamingOnExit:1]]
[2020.05.06-07.11.57:229][  0]LogConfig: Applying CVar settings from Section [/Script/Engine.GarbageCollectionSettings] File [C:/Users/arrn4.MSI/GitHub/UE4-Platformer/Platformer/Saved/Config/Windows/Engine.ini]
[2020.05.06-07.11.57:229][  0]LogConfig: Setting CVar [[gc.MaxObjectsNotConsideredByGC:1]]
[2020.05.06-07.11.57:229][  0]LogConfig: Setting CVar [[gc.SizeOfPermanentObjectPool:0]]
[2020.05.06-07.11.57:229][  0]LogConfig: Setting CVar [[gc.FlushStreamingOnGC:0]]
[2020.05.06-07.11.57:229][  0]LogConfig: Setting CVar [[gc.NumRetriesBeforeForcingGC:10]]
[2020.05.06-07.11.57:229][  0]LogConfig: Setting CVar [[gc.AllowParallelGC:1]]
[2020.05.06-07.11.57:229][  0]LogConfig: Setting CVar [[gc.TimeBetweenPurgingPendingKillObjects:61.1]]
[2020.05.06-07.11.57:229][  0]LogConfig: Setting CVar [[gc.MaxObjectsInEditor:25165824]]
[2020.05.06-07.11.57:229][  0]LogConfig: Setting CVar [[gc.IncrementalBeginDestroyEnabled:1]]
[2020.05.06-07.11.57:229][  0]LogConfig: Setting CVar [[gc.CreateGCClusters:1]]
[2020.05.06-07.11.57:229][  0]LogConfig: Setting CVar [[gc.MinGCClusterSize:5]]
[2020.05.06-07.11.57:229][  0]LogConfig: Setting CVar [[gc.ActorClusteringEnabled:0]]
[2020.05.06-07.11.57:229][  0]LogConfig: Setting CVar [[gc.BlueprintClusteringEnabled:0]]
[2020.05.06-07.11.57:229][  0]LogConfig: Setting CVar [[gc.UseDisregardForGCOnDedicatedServers:0]]
[2020.05.06-07.11.57:229][  0]LogConfig: Applying CVar settings from Section [/Script/Engine.NetworkSettings] File [C:/Users/arrn4.MSI/GitHub/UE4-Platformer/Platformer/Saved/Config/Windows/Engine.ini]
[2020.05.06-07.11.57:229][  0]LogConfig: Applying CVar settings from Section [/Script/UnrealEd.CookerSettings] File [C:/Users/arrn4.MSI/GitHub/UE4-Platformer/Platformer/Saved/Config/Windows/Engine.ini]
[2020.05.06-07.11.57:235][  0]LogConfig: Applying CVar settings from Section [ViewDistanceQuality@3] File [C:/Users/arrn4.MSI/GitHub/UE4-Platformer/Platformer/Saved/Config/Windows/Scalability.ini]
[2020.05.06-07.11.57:235][  0]LogConfig: Setting CVar [[r.SkeletalMeshLODBias:0]]
[2020.05.06-07.11.57:235][  0]LogConfig: Setting CVar [[r.ViewDistanceScale:1.0]]
[2020.05.06-07.11.57:235][  0]LogConfig: Applying CVar settings from Section [AntiAliasingQuality@3] File [C:/Users/arrn4.MSI/GitHub/UE4-Platformer/Platformer/Saved/Config/Windows/Scalability.ini]
[2020.05.06-07.11.57:235][  0]LogConfig: Setting CVar [[r.PostProcessAAQuality:4]]
[2020.05.06-07.11.57:235][  0]LogConfig: Applying CVar settings from Section [ShadowQuality@3] File [C:/Users/arrn4.MSI/GitHub/UE4-Platformer/Platformer/Saved/Config/Windows/Scalability.ini]
[2020.05.06-07.11.57:235][  0]LogConfig: Setting CVar [[r.LightFunctionQuality:1]]
[2020.05.06-07.11.57:235][  0]LogConfig: Setting CVar [[r.ShadowQuality:5]]
[2020.05.06-07.11.57:235][  0]LogConfig: Setting CVar [[r.Shadow.CSM.MaxCascades:10]]
[2020.05.06-07.11.57:235][  0]LogConfig: Setting CVar [[r.Shadow.MaxResolution:2048]]
[2020.05.06-07.11.57:235][  0]LogConfig: Setting CVar [[r.Shadow.MaxCSMResolution:2048]]
[2020.05.06-07.11.57:235][  0]LogConfig: Setting CVar [[r.Shadow.RadiusThreshold:0.01]]
[2020.05.06-07.11.57:235][  0]LogConfig: Setting CVar [[r.Shadow.DistanceScale:1.0]]
[2020.05.06-07.11.57:235][  0]LogConfig: Setting CVar [[r.Shadow.CSM.TransitionScale:1.0]]
[2020.05.06-07.11.57:235][  0]LogConfig: Setting CVar [[r.Shadow.PreShadowResolutionFactor:1.0]]
[2020.05.06-07.11.57:235][  0]LogConfig: Setting CVar [[r.DistanceFieldShadowing:1]]
[2020.05.06-07.11.57:235][  0]LogConfig: Setting CVar [[r.DistanceFieldAO:1]]
[2020.05.06-07.11.57:235][  0]LogConfig: Setting CVar [[r.AOQuality:2]]
[2020.05.06-07.11.57:235][  0]LogConfig: Setting CVar [[r.VolumetricFog:1]]
[2020.05.06-07.11.57:235][  0]LogConfig: Setting CVar [[r.VolumetricFog.GridPixelSize:8]]
[2020.05.06-07.11.57:235][  0]LogConfig: Setting CVar [[r.VolumetricFog.GridSizeZ:128]]
[2020.05.06-07.11.57:235][  0]LogConfig: Setting CVar [[r.VolumetricFog.HistoryMissSupersampleCount:4]]
[2020.05.06-07.11.57:235][  0]LogConfig: Setting CVar [[r.LightMaxDrawDistanceScale:1]]
[2020.05.06-07.11.57:235][  0]LogConfig: Setting CVar [[r.CapsuleShadows:1]]
[2020.05.06-07.11.57:235][  0]LogConfig: Applying CVar settings from Section [PostProcessQuality@3] File [C:/Users/arrn4.MSI/GitHub/UE4-Platformer/Platformer/Saved/Config/Windows/Scalability.ini]
[2020.05.06-07.11.57:235][  0]LogConfig: Setting CVar [[r.MotionBlurQuality:4]]
[2020.05.06-07.11.57:235][  0]LogConfig: Setting CVar [[r.AmbientOcclusionMipLevelFactor:0.4]]
[2020.05.06-07.11.57:235][  0]LogConfig: Setting CVar [[r.AmbientOcclusionMaxQuality:100]]
[2020.05.06-07.11.57:235][  0]LogConfig: Setting CVar [[r.AmbientOcclusionLevels:-1]]
[2020.05.06-07.11.57:235][  0]LogConfig: Setting CVar [[r.AmbientOcclusionRadiusScale:1.0]]
[2020.05.06-07.11.57:235][  0]LogConfig: Setting CVar [[r.DepthOfFieldQuality:2]]
[2020.05.06-07.11.57:235][  0]LogConfig: Setting CVar [[r.RenderTargetPoolMin:400]]
[2020.05.06-07.11.57:235][  0]LogConfig: Setting CVar [[r.LensFlareQuality:2]]
[2020.05.06-07.11.57:235][  0]LogConfig: Setting CVar [[r.SceneColorFringeQuality:1]]
[2020.05.06-07.11.57:235][  0]LogConfig: Setting CVar [[r.EyeAdaptationQuality:2]]
[2020.05.06-07.11.57:235][  0]LogConfig: Setting CVar [[r.BloomQuality:5]]
[2020.05.06-07.11.57:235][  0]LogConfig: Setting CVar [[r.FastBlurThreshold:100]]
[2020.05.06-07.11.57:235][  0]LogConfig: Setting CVar [[r.Upscale.Quality:3]]
[2020.05.06-07.11.57:235][  0]LogConfig: Setting CVar [[r.Tonemapper.GrainQuantization:1]]
[2020.05.06-07.11.57:235][  0]LogConfig: Setting CVar [[r.LightShaftQuality:1]]
[2020.05.06-07.11.57:235][  0]LogConfig: Setting CVar [[r.Filter.SizeScale:1]]
[2020.05.06-07.11.57:235][  0]LogConfig: Setting CVar [[r.Tonemapper.Quality:5]]
[2020.05.06-07.11.57:235][  0]LogConfig: Setting CVar [[r.DOF.Gather.AccumulatorQuality:1        ; higher gathering accumulator quality]]
[2020.05.06-07.11.57:235][  0]LogConfig: Setting CVar [[r.DOF.Gather.PostfilterMethod:1          ; Median3x3 postfilering method]]
[2020.05.06-07.11.57:235][  0]LogConfig: Setting CVar [[r.DOF.Gather.EnableBokehSettings:0       ; no bokeh simulation when gathering]]
[2020.05.06-07.11.57:235][  0]LogConfig: Setting CVar [[r.DOF.Gather.RingCount:4                 ; medium number of samples when gathering]]
[2020.05.06-07.11.57:235][  0]LogConfig: Setting CVar [[r.DOF.Scatter.ForegroundCompositing:1    ; additive foreground scattering]]
[2020.05.06-07.11.57:235][  0]LogConfig: Setting CVar [[r.DOF.Scatter.BackgroundCompositing:2    ; additive background scattering]]
[2020.05.06-07.11.57:236][  0]LogConfig: Setting CVar [[r.DOF.Scatter.EnableBokehSettings:1      ; bokeh simulation when scattering]]
[2020.05.06-07.11.57:236][  0]LogConfig: Setting CVar [[r.DOF.Scatter.MaxSpriteRatio:0.1         ; only a maximum of 10% of scattered bokeh]]
[2020.05.06-07.11.57:236][  0]LogConfig: Setting CVar [[r.DOF.Recombine.Quality:1                ; cheap slight out of focus]]
[2020.05.06-07.11.57:236][  0]LogConfig: Setting CVar [[r.DOF.Recombine.EnableBokehSettings:0    ; no bokeh simulation on slight out of focus]]
[2020.05.06-07.11.57:236][  0]LogConfig: Setting CVar [[r.DOF.TemporalAAQuality:1                ; more stable temporal accumulation]]
[2020.05.06-07.11.57:236][  0]LogConfig: Setting CVar [[r.DOF.Kernel.MaxForegroundRadius:0.025]]
[2020.05.06-07.11.57:236][  0]LogConfig: Setting CVar [[r.DOF.Kernel.MaxBackgroundRadius:0.025]]
[2020.05.06-07.11.57:236][  0]LogConfig: Applying CVar settings from Section [TextureQuality@3] File [C:/Users/arrn4.MSI/GitHub/UE4-Platformer/Platformer/Saved/Config/Windows/Scalability.ini]
[2020.05.06-07.11.57:236][  0]LogConfig: Setting CVar [[r.Streaming.MipBias:0]]
[2020.05.06-07.11.57:236][  0]LogConfig: Setting CVar [[r.Streaming.AmortizeCPUToGPUCopy:0]]
[2020.05.06-07.11.57:236][  0]LogConfig: Setting CVar [[r.Streaming.MaxNumTexturesToStreamPerFrame:0]]
[2020.05.06-07.11.57:236][  0]LogConfig: Setting CVar [[r.Streaming.Boost:1]]
[2020.05.06-07.11.57:236][  0]LogConfig: Setting CVar [[r.MaxAnisotropy:8]]
[2020.05.06-07.11.57:236][  0]LogConfig: Setting CVar [[r.VT.MaxAnisotropy:8]]
[2020.05.06-07.11.57:236][  0]LogConfig: Setting CVar [[r.Streaming.LimitPoolSizeToVRAM:0]]
[2020.05.06-07.11.57:236][  0]LogConfig: Setting CVar [[r.Streaming.PoolSize:1000]]
[2020.05.06-07.11.57:236][  0]LogConfig: Setting CVar [[r.Streaming.MaxEffectiveScreenSize:0]]
[2020.05.06-07.11.57:236][  0]LogConfig: Applying CVar settings from Section [EffectsQuality@3] File [C:/Users/arrn4.MSI/GitHub/UE4-Platformer/Platformer/Saved/Config/Windows/Scalability.ini]
[2020.05.06-07.11.57:236][  0]LogConfig: Setting CVar [[r.TranslucencyLightingVolumeDim:64]]
[2020.05.06-07.11.57:236][  0]LogConfig: Setting CVar [[r.RefractionQuality:2]]
[2020.05.06-07.11.57:236][  0]LogConfig: Setting CVar [[r.SSR.Quality:3]]
[2020.05.06-07.11.57:236][  0]LogConfig: Setting CVar [[r.SSR.HalfResSceneColor:0]]
[2020.05.06-07.11.57:236][  0]LogConfig: Setting CVar [[r.SceneColorFormat:4]]
[2020.05.06-07.11.57:236][  0]LogConfig: Setting CVar [[r.DetailMode:2]]
[2020.05.06-07.11.57:236][  0]LogConfig: Setting CVar [[r.TranslucencyVolumeBlur:1]]
[2020.05.06-07.11.57:236][  0]LogConfig: Setting CVar [[r.MaterialQualityLevel:1 ; High quality]]
[2020.05.06-07.11.57:236][  0]LogConfig: Setting CVar [[r.SSS.Scale:1]]
[2020.05.06-07.11.57:236][  0]LogConfig: Setting CVar [[r.SSS.SampleSet:2]]
[2020.05.06-07.11.57:236][  0]LogConfig: Setting CVar [[r.SSS.Quality:1]]
[2020.05.06-07.11.57:236][  0]LogConfig: Setting CVar [[r.SSS.HalfRes:1]]
[2020.05.06-07.11.57:236][  0]LogConfig: Setting CVar [[r.SSGI.Quality:3]]
[2020.05.06-07.11.57:236][  0]LogConfig: Setting CVar [[r.EmitterSpawnRateScale:1.0]]
[2020.05.06-07.11.57:236][  0]LogConfig: Setting CVar [[r.ParticleLightQuality:2]]
[2020.05.06-07.11.57:236][  0]LogConfig: Setting CVar [[r.SkyAtmosphere.AerialPerspectiveLUT.FastApplyOnOpaque:1 ; Always have FastSkyLUT 1 in this case to avoid wrong sky]]
[2020.05.06-07.11.57:236][  0]LogConfig: Setting CVar [[r.SkyAtmosphere.AerialPerspectiveLUT.SampleCountPerSlice:1]]
[2020.05.06-07.11.57:236][  0]LogConfig: Setting CVar [[r.SkyAtmosphere.AerialPerspectiveLUT.DepthResolution:16.0]]
[2020.05.06-07.11.57:236][  0]LogConfig: Setting CVar [[r.SkyAtmosphere.FastSkyLUT:1]]
[2020.05.06-07.11.57:236][  0]LogConfig: Setting CVar [[r.SkyAtmosphere.FastSkyLUT.SampleCountMin:4.0]]
[2020.05.06-07.11.57:236][  0]LogConfig: Setting CVar [[r.SkyAtmosphere.FastSkyLUT.SampleCountMax:32.0]]
[2020.05.06-07.11.57:236][  0]LogConfig: Setting CVar [[r.SkyAtmosphere.SampleCountMin:4.0]]
[2020.05.06-07.11.57:236][  0]LogConfig: Setting CVar [[r.SkyAtmosphere.SampleCountMax:32.0]]
[2020.05.06-07.11.57:236][  0]LogConfig: Setting CVar [[r.SkyAtmosphere.TransmittanceLUT.UseSmallFormat:0]]
[2020.05.06-07.11.57:236][  0]LogConfig: Setting CVar [[r.SkyAtmosphere.TransmittanceLUT.SampleCount:10.0]]
[2020.05.06-07.11.57:236][  0]LogConfig: Setting CVar [[r.SkyAtmosphere.MultiScatteringLUT.SampleCount:15.0]]
[2020.05.06-07.11.57:236][  0]LogConfig: Applying CVar settings from Section [FoliageQuality@3] File [C:/Users/arrn4.MSI/GitHub/UE4-Platformer/Platformer/Saved/Config/Windows/Scalability.ini]
[2020.05.06-07.11.57:236][  0]LogConfig: Setting CVar [[foliage.DensityScale:1.0]]
[2020.05.06-07.11.57:236][  0]LogConfig: Setting CVar [[grass.DensityScale:1.0]]
[2020.05.06-07.11.57:236][  0]LogConfig: Applying CVar settings from Section [ShadingQuality@3] File [C:/Users/arrn4.MSI/GitHub/UE4-Platformer/Platformer/Saved/Config/Windows/Scalability.ini]
[2020.05.06-07.11.57:236][  0]LogConfig: Setting CVar [[r.HairStrands.SkyLighting.SampleCount:16]]
[2020.05.06-07.11.57:236][  0]LogConfig: Setting CVar [[r.HairStrands.SkyLighting.JitterIntegration:0]]
[2020.05.06-07.11.57:236][  0]LogConfig: Setting CVar [[r.HairStrands.SkyAO.SampleCount:16]]
[2020.05.06-07.11.57:236][  0]LogInit: Selected Device Profile: [Windows]
[2020.05.06-07.11.57:236][  0]LogInit: Applying CVar settings loaded from the selected device profile: [Windows]
[2020.05.06-07.11.57:246][  0]LogHAL: Display: Platform has ~ 8 GB [8427892736 / 8589934592 / 8], which maps to Default [LargestMinGB=32, LargerMinGB=12, DefaultMinGB=8, SmallerMinGB=6, SmallestMinGB=0)
[2020.05.06-07.11.57:246][  0]LogInit: Going up to parent DeviceProfile []
[2020.05.06-07.11.57:246][  0]LogConfig: Applying CVar settings from Section [ViewDistanceQuality@3] File [C:/Users/arrn4.MSI/GitHub/UE4-Platformer/Platformer/Saved/Config/Windows/Scalability.ini]
[2020.05.06-07.11.57:246][  0]LogConfig: Setting CVar [[r.SkeletalMeshLODBias:0]]
[2020.05.06-07.11.57:246][  0]LogConfig: Setting CVar [[r.ViewDistanceScale:1.0]]
[2020.05.06-07.11.57:246][  0]LogConfig: Applying CVar settings from Section [AntiAliasingQuality@3] File [C:/Users/arrn4.MSI/GitHub/UE4-Platformer/Platformer/Saved/Config/Windows/Scalability.ini]
[2020.05.06-07.11.57:246][  0]LogConfig: Setting CVar [[r.PostProcessAAQuality:4]]
[2020.05.06-07.11.57:246][  0]LogConfig: Applying CVar settings from Section [ShadowQuality@3] File [C:/Users/arrn4.MSI/GitHub/UE4-Platformer/Platformer/Saved/Config/Windows/Scalability.ini]
[2020.05.06-07.11.57:246][  0]LogConfig: Setting CVar [[r.LightFunctionQuality:1]]
[2020.05.06-07.11.57:246][  0]LogConfig: Setting CVar [[r.ShadowQuality:5]]
[2020.05.06-07.11.57:246][  0]LogConfig: Setting CVar [[r.Shadow.CSM.MaxCascades:10]]
[2020.05.06-07.11.57:246][  0]LogConfig: Setting CVar [[r.Shadow.MaxResolution:2048]]
[2020.05.06-07.11.57:246][  0]LogConfig: Setting CVar [[r.Shadow.MaxCSMResolution:2048]]
[2020.05.06-07.11.57:246][  0]LogConfig: Setting CVar [[r.Shadow.RadiusThreshold:0.01]]
[2020.05.06-07.11.57:246][  0]LogConfig: Setting CVar [[r.Shadow.DistanceScale:1.0]]
[2020.05.06-07.11.57:246][  0]LogConfig: Setting CVar [[r.Shadow.CSM.TransitionScale:1.0]]
[2020.05.06-07.11.57:246][  0]LogConfig: Setting CVar [[r.Shadow.PreShadowResolutionFactor:1.0]]
[2020.05.06-07.11.57:246][  0]LogConfig: Setting CVar [[r.DistanceFieldShadowing:1]]
[2020.05.06-07.11.57:246][  0]LogConfig: Setting CVar [[r.DistanceFieldAO:1]]
[2020.05.06-07.11.57:246][  0]LogConfig: Setting CVar [[r.AOQuality:2]]
[2020.05.06-07.11.57:246][  0]LogConfig: Setting CVar [[r.VolumetricFog:1]]
[2020.05.06-07.11.57:246][  0]LogConfig: Setting CVar [[r.VolumetricFog.GridPixelSize:8]]
[2020.05.06-07.11.57:246][  0]LogConfig: Setting CVar [[r.VolumetricFog.GridSizeZ:128]]
[2020.05.06-07.11.57:246][  0]LogConfig: Setting CVar [[r.VolumetricFog.HistoryMissSupersampleCount:4]]
[2020.05.06-07.11.57:246][  0]LogConfig: Setting CVar [[r.LightMaxDrawDistanceScale:1]]
[2020.05.06-07.11.57:246][  0]LogConfig: Setting CVar [[r.CapsuleShadows:1]]
[2020.05.06-07.11.57:246][  0]LogConfig: Applying CVar settings from Section [PostProcessQuality@3] File [C:/Users/arrn4.MSI/GitHub/UE4-Platformer/Platformer/Saved/Config/Windows/Scalability.ini]
[2020.05.06-07.11.57:246][  0]LogConfig: Setting CVar [[r.MotionBlurQuality:4]]
[2020.05.06-07.11.57:246][  0]LogConfig: Setting CVar [[r.AmbientOcclusionMipLevelFactor:0.4]]
[2020.05.06-07.11.57:246][  0]LogConfig: Setting CVar [[r.AmbientOcclusionMaxQuality:100]]
[2020.05.06-07.11.57:246][  0]LogConfig: Setting CVar [[r.AmbientOcclusionLevels:-1]]
[2020.05.06-07.11.57:246][  0]LogConfig: Setting CVar [[r.AmbientOcclusionRadiusScale:1.0]]
[2020.05.06-07.11.57:246][  0]LogConfig: Setting CVar [[r.DepthOfFieldQuality:2]]
[2020.05.06-07.11.57:246][  0]LogConfig: Setting CVar [[r.RenderTargetPoolMin:400]]
[2020.05.06-07.11.57:246][  0]LogConfig: Setting CVar [[r.LensFlareQuality:2]]
[2020.05.06-07.11.57:246][  0]LogConfig: Setting CVar [[r.SceneColorFringeQuality:1]]
[2020.05.06-07.11.57:246][  0]LogConfig: Setting CVar [[r.EyeAdaptationQuality:2]]
[2020.05.06-07.11.57:246][  0]LogConfig: Setting CVar [[r.BloomQuality:5]]
[2020.05.06-07.11.57:246][  0]LogConfig: Setting CVar [[r.FastBlurThreshold:100]]
[2020.05.06-07.11.57:247][  0]LogConfig: Setting CVar [[r.Upscale.Quality:3]]
[2020.05.06-07.11.57:247][  0]LogConfig: Setting CVar [[r.Tonemapper.GrainQuantization:1]]
[2020.05.06-07.11.57:247][  0]LogConfig: Setting CVar [[r.LightShaftQuality:1]]
[2020.05.06-07.11.57:247][  0]LogConfig: Setting CVar [[r.Filter.SizeScale:1]]
[2020.05.06-07.11.57:247][  0]LogConfig: Setting CVar [[r.Tonemapper.Quality:5]]
[2020.05.06-07.11.57:247][  0]LogConfig: Setting CVar [[r.DOF.Gather.AccumulatorQuality:1        ; higher gathering accumulator quality]]
[2020.05.06-07.11.57:247][  0]LogConfig: Setting CVar [[r.DOF.Gather.PostfilterMethod:1          ; Median3x3 postfilering method]]
[2020.05.06-07.11.57:247][  0]LogConfig: Setting CVar [[r.DOF.Gather.EnableBokehSettings:0       ; no bokeh simulation when gathering]]
[2020.05.06-07.11.57:247][  0]LogConfig: Setting CVar [[r.DOF.Gather.RingCount:4                 ; medium number of samples when gathering]]
[2020.05.06-07.11.57:247][  0]LogConfig: Setting CVar [[r.DOF.Scatter.ForegroundCompositing:1    ; additive foreground scattering]]
[2020.05.06-07.11.57:247][  0]LogConfig: Setting CVar [[r.DOF.Scatter.BackgroundCompositing:2    ; additive background scattering]]
[2020.05.06-07.11.57:247][  0]LogConfig: Setting CVar [[r.DOF.Scatter.EnableBokehSettings:1      ; bokeh simulation when scattering]]
[2020.05.06-07.11.57:247][  0]LogConfig: Setting CVar [[r.DOF.Scatter.MaxSpriteRatio:0.1         ; only a maximum of 10% of scattered bokeh]]
[2020.05.06-07.11.57:247][  0]LogConfig: Setting CVar [[r.DOF.Recombine.Quality:1                ; cheap slight out of focus]]
[2020.05.06-07.11.57:247][  0]LogConfig: Setting CVar [[r.DOF.Recombine.EnableBokehSettings:0    ; no bokeh simulation on slight out of focus]]
[2020.05.06-07.11.57:247][  0]LogConfig: Setting CVar [[r.DOF.TemporalAAQuality:1                ; more stable temporal accumulation]]
[2020.05.06-07.11.57:247][  0]LogConfig: Setting CVar [[r.DOF.Kernel.MaxForegroundRadius:0.025]]
[2020.05.06-07.11.57:247][  0]LogConfig: Setting CVar [[r.DOF.Kernel.MaxBackgroundRadius:0.025]]
[2020.05.06-07.11.57:247][  0]LogConfig: Applying CVar settings from Section [TextureQuality@3] File [C:/Users/arrn4.MSI/GitHub/UE4-Platformer/Platformer/Saved/Config/Windows/Scalability.ini]
[2020.05.06-07.11.57:247][  0]LogConfig: Setting CVar [[r.Streaming.MipBias:0]]
[2020.05.06-07.11.57:247][  0]LogConfig: Setting CVar [[r.Streaming.AmortizeCPUToGPUCopy:0]]
[2020.05.06-07.11.57:247][  0]LogConfig: Setting CVar [[r.Streaming.MaxNumTexturesToStreamPerFrame:0]]
[2020.05.06-07.11.57:247][  0]LogConfig: Setting CVar [[r.Streaming.Boost:1]]
[2020.05.06-07.11.57:247][  0]LogConfig: Setting CVar [[r.MaxAnisotropy:8]]
[2020.05.06-07.11.57:247][  0]LogConfig: Setting CVar [[r.VT.MaxAnisotropy:8]]
[2020.05.06-07.11.57:247][  0]LogConfig: Setting CVar [[r.Streaming.LimitPoolSizeToVRAM:0]]
[2020.05.06-07.11.57:247][  0]LogConfig: Setting CVar [[r.Streaming.PoolSize:1000]]
[2020.05.06-07.11.57:247][  0]LogConfig: Setting CVar [[r.Streaming.MaxEffectiveScreenSize:0]]
[2020.05.06-07.11.57:247][  0]LogConfig: Applying CVar settings from Section [EffectsQuality@3] File [C:/Users/arrn4.MSI/GitHub/UE4-Platformer/Platformer/Saved/Config/Windows/Scalability.ini]
[2020.05.06-07.11.57:247][  0]LogConfig: Setting CVar [[r.TranslucencyLightingVolumeDim:64]]
[2020.05.06-07.11.57:247][  0]LogConfig: Setting CVar [[r.RefractionQuality:2]]
[2020.05.06-07.11.57:247][  0]LogConfig: Setting CVar [[r.SSR.Quality:3]]
[2020.05.06-07.11.57:247][  0]LogConfig: Setting CVar [[r.SSR.HalfResSceneColor:0]]
[2020.05.06-07.11.57:247][  0]LogConfig: Setting CVar [[r.SceneColorFormat:4]]
[2020.05.06-07.11.57:247][  0]LogConfig: Setting CVar [[r.DetailMode:2]]
[2020.05.06-07.11.57:247][  0]LogConfig: Setting CVar [[r.TranslucencyVolumeBlur:1]]
[2020.05.06-07.11.57:247][  0]LogConfig: Setting CVar [[r.MaterialQualityLevel:1 ; High quality]]
[2020.05.06-07.11.57:247][  0]LogConfig: Setting CVar [[r.SSS.Scale:1]]
[2020.05.06-07.11.57:247][  0]LogConfig: Setting CVar [[r.SSS.SampleSet:2]]
[2020.05.06-07.11.57:247][  0]LogConfig: Setting CVar [[r.SSS.Quality:1]]
[2020.05.06-07.11.57:247][  0]LogConfig: Setting CVar [[r.SSS.HalfRes:1]]
[2020.05.06-07.11.57:247][  0]LogConfig: Setting CVar [[r.SSGI.Quality:3]]
[2020.05.06-07.11.57:247][  0]LogConfig: Setting CVar [[r.EmitterSpawnRateScale:1.0]]
[2020.05.06-07.11.57:247][  0]LogConfig: Setting CVar [[r.ParticleLightQuality:2]]
[2020.05.06-07.11.57:247][  0]LogConfig: Setting CVar [[r.SkyAtmosphere.AerialPerspectiveLUT.FastApplyOnOpaque:1 ; Always have FastSkyLUT 1 in this case to avoid wrong sky]]
[2020.05.06-07.11.57:247][  0]LogConfig: Setting CVar [[r.SkyAtmosphere.AerialPerspectiveLUT.SampleCountPerSlice:1]]
[2020.05.06-07.11.57:247][  0]LogConfig: Setting CVar [[r.SkyAtmosphere.AerialPerspectiveLUT.DepthResolution:16.0]]
[2020.05.06-07.11.57:247][  0]LogConfig: Setting CVar [[r.SkyAtmosphere.FastSkyLUT:1]]
[2020.05.06-07.11.57:247][  0]LogConfig: Setting CVar [[r.SkyAtmosphere.FastSkyLUT.SampleCountMin:4.0]]
[2020.05.06-07.11.57:247][  0]LogConfig: Setting CVar [[r.SkyAtmosphere.FastSkyLUT.SampleCountMax:32.0]]
[2020.05.06-07.11.57:247][  0]LogConfig: Setting CVar [[r.SkyAtmosphere.SampleCountMin:4.0]]
[2020.05.06-07.11.57:247][  0]LogConfig: Setting CVar [[r.SkyAtmosphere.SampleCountMax:32.0]]
[2020.05.06-07.11.57:247][  0]LogConfig: Setting CVar [[r.SkyAtmosphere.TransmittanceLUT.UseSmallFormat:0]]
[2020.05.06-07.11.57:247][  0]LogConfig: Setting CVar [[r.SkyAtmosphere.TransmittanceLUT.SampleCount:10.0]]
[2020.05.06-07.11.57:247][  0]LogConfig: Setting CVar [[r.SkyAtmosphere.MultiScatteringLUT.SampleCount:15.0]]
[2020.05.06-07.11.57:247][  0]LogConfig: Applying CVar settings from Section [FoliageQuality@3] File [C:/Users/arrn4.MSI/GitHub/UE4-Platformer/Platformer/Saved/Config/Windows/Scalability.ini]
[2020.05.06-07.11.57:247][  0]LogConfig: Setting CVar [[foliage.DensityScale:1.0]]
[2020.05.06-07.11.57:247][  0]LogConfig: Setting CVar [[grass.DensityScale:1.0]]
[2020.05.06-07.11.57:247][  0]LogConfig: Applying CVar settings from Section [ShadingQuality@3] File [C:/Users/arrn4.MSI/GitHub/UE4-Platformer/Platformer/Saved/Config/Windows/Scalability.ini]
[2020.05.06-07.11.57:247][  0]LogConfig: Setting CVar [[r.HairStrands.SkyLighting.SampleCount:16]]
[2020.05.06-07.11.57:247][  0]LogConfig: Setting CVar [[r.HairStrands.SkyLighting.JitterIntegration:0]]
[2020.05.06-07.11.57:247][  0]LogConfig: Setting CVar [[r.HairStrands.SkyAO.SampleCount:16]]
[2020.05.06-07.11.57:247][  0]LogConfig: Applying CVar settings from Section [Startup] File [../../../Engine/Config/ConsoleVariables.ini]
[2020.05.06-07.11.57:249][  0]LogConfig: Setting CVar [[net.UseAdaptiveNetUpdateFrequency:0]]
[2020.05.06-07.11.57:249][  0]LogConfig: Setting CVar [[p.chaos.AllowCreatePhysxBodies:1]]
[2020.05.06-07.11.57:249][  0]LogConfig: Applying CVar settings from Section [ConsoleVariables] File [C:/Users/arrn4.MSI/GitHub/UE4-Platformer/Platformer/Saved/Config/Windows/Engine.ini]
[2020.05.06-07.11.57:250][  0]LogInit: Computer: MSI
[2020.05.06-07.11.57:250][  0]LogInit: User: arrn4
[2020.05.06-07.11.57:250][  0]LogInit: CPU Page size=4096, Cores=6
[2020.05.06-07.11.57:250][  0]LogInit: High frequency timer resolution =10.000000 MHz
[2020.05.06-07.11.57:250][  0]LogMemory: Memory total: Physical=7.8GB (8GB approx)
[2020.05.06-07.11.57:250][  0]LogMemory: Platform Memory Stats for Windows
[2020.05.06-07.11.57:250][  0]LogMemory: Process Physical Memory: 105.46 MB used, 105.47 MB peak
[2020.05.06-07.11.57:250][  0]LogMemory: Process Virtual Memory: 101.29 MB used, 101.29 MB peak
[2020.05.06-07.11.57:250][  0]LogMemory: Physical Memory: 5194.04 MB used,  2843.42 MB free, 8037.46 MB total
[2020.05.06-07.11.57:250][  0]LogMemory: Virtual Memory: 5173.77 MB used,  134212552.00 MB free, 134217728.00 MB total
[2020.05.06-07.11.57:492][  0]LogWindows: WindowsPlatformFeatures enabled
[2020.05.06-07.11.57:652][  0]LogInit: Using OS detected language (en-US).
[2020.05.06-07.11.57:652][  0]LogInit: Using OS detected locale (en-AU).
[2020.05.06-07.11.57:654][  0]LogTextLocalizationManager: No specific localization for 'en-US' exists, so the 'en' localization will be used.
[2020.05.06-07.11.57:911][  0]LogInit: Setting process to per monitor DPI aware
[2020.05.06-07.11.57:966][  0]LogSlate: New Slate User Created.  User Index 0, Is Virtual User: 0
[2020.05.06-07.11.57:966][  0]LogSlate: Slate User Registered.  User Index 0, Is Virtual User: 0
[2020.05.06-07.11.58:312][  0]LogHMD: Failed to initialize OpenVR with code 110
[2020.05.06-07.11.58:312][  0]LogD3D11RHI: D3D11 min allowed feature level: 11_0
[2020.05.06-07.11.58:312][  0]LogD3D11RHI: D3D11 max allowed feature level: 11_0
[2020.05.06-07.11.58:312][  0]LogD3D11RHI: D3D11 adapters:
[2020.05.06-07.11.58:386][  0]LogD3D11RHI:    0. 'NVIDIA GeForce GTX 1050 Ti' (Feature Level 11_0)
[2020.05.06-07.11.58:386][  0]LogD3D11RHI:       4021/0/4018 MB DedicatedVideo/DedicatedSystem/SharedSystem, Outputs:1, VendorId:0x10de
[2020.05.06-07.11.58:414][  0]LogD3D11RHI:    1. 'Intel(R) UHD Graphics 630' (Feature Level 11_0)
[2020.05.06-07.11.58:414][  0]LogD3D11RHI:       128/0/4018 MB DedicatedVideo/DedicatedSystem/SharedSystem, Outputs:0, VendorId:0x8086
[2020.05.06-07.11.58:416][  0]LogD3D11RHI:    2. 'Microsoft Basic Render Driver' (Feature Level 11_0)
[2020.05.06-07.11.58:416][  0]LogD3D11RHI:       0/0/4018 MB DedicatedVideo/DedicatedSystem/SharedSystem, Outputs:0, VendorId:0x1414
[2020.05.06-07.11.58:416][  0]LogD3D11RHI: Chosen D3D11 Adapter: 0
[2020.05.06-07.11.58:451][  0]LogD3D11RHI: Creating new Direct3DDevice
[2020.05.06-07.11.58:452][  0]LogD3D11RHI:     GPU DeviceId: 0x1c8f (for the marketing name, search the web for "GPU Device Id")
[2020.05.06-07.11.58:452][  0]LogWindows: EnumDisplayDevices:
[2020.05.06-07.11.58:452][  0]LogWindows:    0. 'Intel(R) UHD Graphics 630' (P:1 D:1)
[2020.05.06-07.11.58:452][  0]LogWindows:    1. 'Intel(R) UHD Graphics 630' (P:0 D:0)
[2020.05.06-07.11.58:452][  0]LogWindows:    2. 'Intel(R) UHD Graphics 630' (P:0 D:0)
[2020.05.06-07.11.58:452][  0]LogWindows: DebugString: PrimaryIsNotTheChoosenAdapter PrimaryIsNotTheChoosenAdapter PrimaryIsNotTheChoosenAdapter FoundDriverCount:0 
[2020.05.06-07.11.58:452][  0]LogD3D11RHI:     Adapter Name: NVIDIA GeForce GTX 1050 Ti
[2020.05.06-07.11.58:452][  0]LogD3D11RHI:   Driver Version: Unknown (internal:Unknown, unified:Unknown)
[2020.05.06-07.11.58:452][  0]LogD3D11RHI:      Driver Date: Unknown
[2020.05.06-07.11.58:452][  0]LogRHI: Texture pool is 2814 MB (70% of 4021 MB)
[2020.05.06-07.11.58:492][  0]LogD3D11RHI: RHI has support for 64 bit atomics
[2020.05.06-07.11.58:493][  0]LogD3D11RHI: Async texture creation enabled
[2020.05.06-07.11.58:516][  0]LogD3D11RHI: GPU Timing Frequency: 1000.000000 (Debug: 2 1)
[2020.05.06-07.11.59:508][  0]LogTargetPlatformManager: Display: Loaded TargetPlatform 'AllDesktop'
[2020.05.06-07.11.59:539][  0]LogTargetPlatformManager: Display: Loaded TargetPlatform 'Android'
[2020.05.06-07.11.59:539][  0]LogTargetPlatformManager: Display: Loaded TargetPlatform 'Android_ASTC'
[2020.05.06-07.11.59:539][  0]LogTargetPlatformManager: Display: Loaded TargetPlatform 'Android_ATC'
[2020.05.06-07.11.59:539][  0]LogTargetPlatformManager: Display: Loaded TargetPlatform 'Android_DXT'
[2020.05.06-07.11.59:539][  0]LogTargetPlatformManager: Display: Loaded TargetPlatform 'Android_ETC1'
[2020.05.06-07.11.59:539][  0]LogTargetPlatformManager: Display: Loaded TargetPlatform 'Android_ETC1a'
[2020.05.06-07.11.59:539][  0]LogTargetPlatformManager: Display: Loaded TargetPlatform 'Android_ETC2'
[2020.05.06-07.11.59:539][  0]LogTargetPlatformManager: Display: Loaded TargetPlatform 'Android_PVRTC'
[2020.05.06-07.11.59:539][  0]LogTargetPlatformManager: Display: Loaded TargetPlatform 'AndroidClient'
[2020.05.06-07.11.59:539][  0]LogTargetPlatformManager: Display: Loaded TargetPlatform 'Android_ASTCClient'
[2020.05.06-07.11.59:539][  0]LogTargetPlatformManager: Display: Loaded TargetPlatform 'Android_ATCClient'
[2020.05.06-07.11.59:539][  0]LogTargetPlatformManager: Display: Loaded TargetPlatform 'Android_DXTClient'
[2020.05.06-07.11.59:539][  0]LogTargetPlatformManager: Display: Loaded TargetPlatform 'Android_ETC1Client'
[2020.05.06-07.11.59:539][  0]LogTargetPlatformManager: Display: Loaded TargetPlatform 'Android_ETC1aClient'
[2020.05.06-07.11.59:539][  0]LogTargetPlatformManager: Display: Loaded TargetPlatform 'Android_ETC2Client'
[2020.05.06-07.11.59:539][  0]LogTargetPlatformManager: Display: Loaded TargetPlatform 'Android_PVRTCClient'
[2020.05.06-07.11.59:539][  0]LogTargetPlatformManager: Display: Loaded TargetPlatform 'Android_Multi'
[2020.05.06-07.11.59:539][  0]LogTargetPlatformManager: Display: Loaded TargetPlatform 'Android_MultiClient'
[2020.05.06-07.11.59:572][  0]LogTargetPlatformManager: Display: Loaded TargetPlatform 'IOSClient'
[2020.05.06-07.11.59:572][  0]LogTargetPlatformManager: Display: Loaded TargetPlatform 'IOS'
[2020.05.06-07.11.59:583][  0]LogTargetPlatformManager: Display: Loaded TargetPlatform 'LinuxNoEditor'
[2020.05.06-07.11.59:593][  0]LogTargetPlatformManager: Display: Loaded TargetPlatform 'LinuxClient'
[2020.05.06-07.11.59:603][  0]LogTargetPlatformManager: Display: Loaded TargetPlatform 'LinuxServer'
[2020.05.06-07.11.59:612][  0]LogTargetPlatformManager: Display: Loaded TargetPlatform 'LinuxAArch64NoEditor'
[2020.05.06-07.11.59:623][  0]LogTargetPlatformManager: Display: Loaded TargetPlatform 'LinuxAArch64Client'
[2020.05.06-07.11.59:633][  0]LogTargetPlatformManager: Display: Loaded TargetPlatform 'LinuxAArch64Server'
[2020.05.06-07.11.59:658][  0]LogTargetPlatformManager: Display: Loaded TargetPlatform 'Lumin'
[2020.05.06-07.11.59:659][  0]LogTargetPlatformManager: Display: Loaded TargetPlatform 'LuminClient'
[2020.05.06-07.11.59:674][  0]LogTargetPlatformManager: Display: Loaded TargetPlatform 'TVOSClient'
[2020.05.06-07.11.59:674][  0]LogTargetPlatformManager: Display: Loaded TargetPlatform 'TVOS'
[2020.05.06-07.11.59:685][  0]LogTargetPlatformManager: Display: Loaded TargetPlatform 'WindowsNoEditor'
[2020.05.06-07.11.59:711][  0]LogTargetPlatformManager: Display: Loaded TargetPlatform 'Windows'
[2020.05.06-07.11.59:724][  0]LogTargetPlatformManager: Display: Loaded TargetPlatform 'WindowsClient'
[2020.05.06-07.11.59:735][  0]LogTargetPlatformManager: Display: Loaded TargetPlatform 'WindowsServer'
[2020.05.06-07.11.59:735][  0]LogTargetPlatformManager: Display: Building Assets For Windows
[2020.05.06-07.11.59:751][  0]LogAudioDebug: Display: Lib vorbis DLL was dynamically loaded.
[2020.05.06-07.11.59:862][  0]LogShaderCompilers: Guid format shader working directory is -17 characters bigger than the processId version (../../../../../../Users/arrn4.MSI/GitHub/UE4-Platformer/Platformer/Intermediate/Shaders/WorkingDirectory/28772/).
[2020.05.06-07.11.59:862][  0]LogShaderCompilers: Cleaned the shader compiler working directory 'C:/Users/arrn4.MSI/AppData/Local/Temp/UnrealShaderWorkingDir/878C965D46F04EBDB9E75087D69DB9CD/'.
[2020.05.06-07.11.59:864][  0]LogXGEController: Cleaning working directory: C:/Users/arrn4.MSI/AppData/Local/Temp/UnrealXGEWorkingDir/
[2020.05.06-07.11.59:864][  0]LogXGEController: Cannot use XGE Controller as Incredibuild is not installed on this machine.
[2020.05.06-07.11.59:864][  0]LogShaderCompilers: Cannot use XGE Shader Compiler as Incredibuild is not installed on this machine.
[2020.05.06-07.11.59:865][  0]LogShaderCompilers: Display: Using Local Shader Compiler.
[2020.05.06-07.12.00:783][  0]LogDerivedDataCache: Display: Max Cache Size: 512 MB
[2020.05.06-07.12.00:939][  0]LogDerivedDataCache: Loaded boot cache 0.16s 78MB C:/Users/arrn4.MSI/AppData/Local/UnrealEngine/4.24/DerivedDataCache/Boot.ddc.
[2020.05.06-07.12.00:939][  0]LogDerivedDataCache: Display: Loaded Boot cache: C:/Users/arrn4.MSI/AppData/Local/UnrealEngine/4.24/DerivedDataCache/Boot.ddc
[2020.05.06-07.12.00:940][  0]LogDerivedDataCache: FDerivedDataBackendGraph:  Pak pak cache file ../../../../../../Users/arrn4.MSI/GitHub/UE4-Platformer/Platformer/DerivedDataCache/DDC.ddp not found, will not use a pak cache.
[2020.05.06-07.12.00:940][  0]LogDerivedDataCache: Unable to find inner node Pak for hierarchical cache Hierarchy.
[2020.05.06-07.12.00:940][  0]LogDerivedDataCache: FDerivedDataBackendGraph:  CompressedPak pak cache file ../../../../../../Users/arrn4.MSI/GitHub/UE4-Platformer/Platformer/DerivedDataCache/Compressed.ddp not found, will not use a pak cache.
[2020.05.06-07.12.00:940][  0]LogDerivedDataCache: Unable to find inner node CompressedPak for hierarchical cache Hierarchy.
[2020.05.06-07.12.00:966][  0]LogDerivedDataCache: Display: Pak cache opened for reading ../../../Engine/DerivedDataCache/Compressed.ddp.
[2020.05.06-07.12.00:966][  0]LogDerivedDataCache: FDerivedDataBackendGraph:  EnterprisePak pak cache file ../../../Enterprise/DerivedDataCache/Compressed.ddp not found, will not use a pak cache.
[2020.05.06-07.12.00:966][  0]LogDerivedDataCache: Unable to find inner node EnterprisePak for hierarchical cache Hierarchy.
[2020.05.06-07.12.00:972][  0]LogDerivedDataCache: Using Local data cache path C:/Users/arrn4.MSI/AppData/Local/UnrealEngine/Common/DerivedDataCache: Writable
[2020.05.06-07.12.00:972][  0]LogDerivedDataCache: Shared data cache path not found in *engine.ini, will not use an Shared cache.
[2020.05.06-07.12.00:972][  0]LogDerivedDataCache: Unable to find inner node Shared for hierarchical cache Hierarchy.
[2020.05.06-07.12.01:024][  0]LogMaterial: Verifying Global Shaders for PCD3D_SM5
[2020.05.06-07.12.01:037][  0]LogSlate: Using FreeType 2.10.0
[2020.05.06-07.12.01:044][  0]LogSlate: SlateFontServices - WITH_FREETYPE: 1, WITH_HARFBUZZ: 1
[2020.05.06-07.12.01:210][  0]LogAssetRegistry: FAssetRegistry took 0.0049 seconds to start up
[2020.05.06-07.12.01:578][  0]LogInit: Selected Device Profile: [Windows]
[2020.05.06-07.12.01:833][  0]LogMeshReduction: Using QuadricMeshReduction for automatic static mesh reduction
[2020.05.06-07.12.01:833][  0]LogMeshReduction: Using SimplygonMeshReduction for automatic skeletal mesh reduction
[2020.05.06-07.12.01:833][  0]LogMeshReduction: Using ProxyLODMeshReduction for automatic mesh merging
[2020.05.06-07.12.01:833][  0]LogMeshReduction: No distributed automatic mesh merging module available
[2020.05.06-07.12.01:833][  0]LogMeshMerging: No distributed automatic mesh merging module available
[2020.05.06-07.12.01:859][  0]LogNetVersion: Platformer 1.0.0, NetCL: 10570792, EngineNetVer: 13, GameNetVer: 0 (Checksum: 3269611110)
[2020.05.06-07.12.03:814][  0]LogPackageLocalizationCache: Processed 10 localized package path(s) for 1 prioritized culture(s) in 0.038869 seconds
[2020.05.06-07.12.03:821][  0]LogUObjectArray: 46750 objects as part of root set at end of initial load.
[2020.05.06-07.12.03:821][  0]LogUObjectAllocator: 8137160 out of 0 bytes used by permanent object pool.
[2020.05.06-07.12.03:821][  0]LogUObjectArray: CloseDisregardForGC: 0/0 objects in disregard for GC pool
[2020.05.06-07.12.04:614][  0]LogTcpMessaging: Initializing TcpMessaging bridge
[2020.05.06-07.12.04:621][  0]LogUdpMessaging: Initializing bridge on interface 0.0.0.0:0 to multicast group 230.0.0.1:6666.
[2020.05.06-07.12.04:747][  0]SourceControl: Source control is disabled
[2020.05.06-07.12.04:747][  0]SourceControl: Source control is disabled
[2020.05.06-07.12.04:758][  0]SourceControl: Source control is disabled
[2020.05.06-07.12.04:765][  0]SourceControl: Source control is disabled
[2020.05.06-07.12.04:770][  0]SourceControl: Source control is disabled
[2020.05.06-07.12.05:046][  0]LogAndroidPermission: UAndroidPermissionCallbackProxy::GetInstance
[2020.05.06-07.12.05:074][  0]LogAudioCaptureCore: Display: No Audio Capture implementations found. Audio input will be silent.
[2020.05.06-07.12.05:075][  0]LogAudioCaptureCore: Display: No Audio Capture implementations found. Audio input will be silent.
[2020.05.06-07.12.05:204][  0]LogOcInput: OculusInput pre-init called
[2020.05.06-07.12.05:222][  0]LogWindows: Failed to load 'OVRPlugin.dll' (GetLastError=126)
[2020.05.06-07.12.05:222][  0]LogWindows: File 'OVRPlugin.dll' does not exist
[2020.05.06-07.12.05:337][  0]LogEngine: Initializing Engine...
[2020.05.06-07.12.05:338][  0]LogHMD: Failed to initialize OpenVR with code 110
[2020.05.06-07.12.05:341][  0]LogStats: UGameplayTagsManager::InitializeManager -  0.001 s
[2020.05.06-07.12.05:670][  0]LogInit: Initializing FReadOnlyCVARCache
[2020.05.06-07.12.05:703][  0]LogAIModule: Creating AISystem for world Untitled
[2020.05.06-07.12.05:764][  0]LogAudioMixer: Display: Audio Mixer Platform Settings:
[2020.05.06-07.12.05:764][  0]LogAudioMixer: Display: 	Sample Rate:						  48000
[2020.05.06-07.12.05:764][  0]LogAudioMixer: Display: 	Callback Buffer Frame Size Requested: 1024
[2020.05.06-07.12.05:764][  0]LogAudioMixer: Display: 	Callback Buffer Frame Size To Use:	  1024
[2020.05.06-07.12.05:764][  0]LogAudioMixer: Display: 	Number of buffers to queue:			  2
[2020.05.06-07.12.05:765][  0]LogAudioMixer: Display: 	Max Channels (voices):				  32
[2020.05.06-07.12.05:765][  0]LogAudioMixer: Display: 	Number of Async Source Workers:		  0
[2020.05.06-07.12.05:765][  0]LogAudio: Display: AudioDevice MaxSources: 32
[2020.05.06-07.12.05:766][  0]LogAudio: Display: Using built-in audio occlusion.
[2020.05.06-07.12.05:766][  0]LogAudioMixer: Display: Initializing audio mixer.
[2020.05.06-07.12.05:868][  0]LogAudioMixer: Display: Audio Device Output Speaker Info:
[2020.05.06-07.12.05:868][  0]LogAudioMixer: Display: Name: Speakers (Logitech Wireless Headset)
[2020.05.06-07.12.05:868][  0]LogAudioMixer: Display: Is Default: Yes
[2020.05.06-07.12.05:868][  0]LogAudioMixer: Display: Sample Rate: 48000
[2020.05.06-07.12.05:868][  0]LogAudioMixer: Display: Channel Count Used: 2
[2020.05.06-07.12.05:868][  0]LogAudioMixer: Display: Device Channel Count: 2
[2020.05.06-07.12.05:868][  0]LogAudioMixer: Display: Channel Order:
[2020.05.06-07.12.05:868][  0]LogAudioMixer: Display: 0: FrontLeft
[2020.05.06-07.12.05:868][  0]LogAudioMixer: Display: 1: FrontRight
[2020.05.06-07.12.05:882][  0]LogAudioMixer: Display: Using Audio Device Speakers (Logitech Wireless Headset)
[2020.05.06-07.12.05:888][  0]LogInit: FAudioDevice initialized.
[2020.05.06-07.12.05:888][  0]LogNetVersion: Set ProjectVersion to 1.0.0.0. Version Checksum will be recalculated on next use.
[2020.05.06-07.12.05:952][  0]LogDerivedDataCache: Saved boot cache 0.06s 78MB C:/Users/arrn4.MSI/AppData/Local/UnrealEngine/4.24/DerivedDataCache/Boot.ddc.
[2020.05.06-07.12.05:952][  0]LogInit: Texture streaming: Enabled
[2020.05.06-07.12.05:973][  0]LogEngineSessionManager: EngineSessionManager initialized
[2020.05.06-07.12.05:973][  0]LogEditorSessionSummary: Verbose: Initializing EditorSessionSummaryWriter for editor session tracking
[2020.05.06-07.12.05:979][  0]LogEditorSessionSummary: EditorSessionSummaryWriter initialized
[2020.05.06-07.12.06:039][  0]LogInit: Transaction tracking system initialized
[2020.05.06-07.12.06:085][  0]BlueprintLog: New page: Editor Load
[2020.05.06-07.12.06:230][  0]LocalizationService: Localization service is disabled
[2020.05.06-07.12.06:631][  0]LogFileCache: Scanning file cache for directory 'C:/Users/arrn4.MSI/GitHub/UE4-Platformer/Platformer/Content/' took 0.00s
[2020.05.06-07.12.06:631][  0]LogCook: Display: Max memory allowance for cook 16384mb min free memory 0mb
[2020.05.06-07.12.06:631][  0]LogCook: Display: Mobile HDR setting 1
[2020.05.06-07.12.07:481][  0]SourceControl: Source control is disabled
[2020.05.06-07.12.07:482][  0]Cmd: MAP LOAD FILE="../../../../../../Users/arrn4.MSI/GitHub/UE4-Platformer/Platformer/Content/__MyContent/maps/Level_1.umap" TEMPLATE=0 SHOWPROGRESS=1 FEATURELEVEL=3
[2020.05.06-07.12.07:485][  0]LightingResults: New page: Lighting Build
[2020.05.06-07.12.07:490][  0]LogWorld: UWorld::CleanupWorld for Untitled, bSessionEnded=true, bCleanupResources=true
[2020.05.06-07.12.07:491][  0]LogSlate: InvalidateAllWidgets triggered.  All widgets were invalidated
[2020.05.06-07.12.07:491][  0]MapCheck: New page: Map Check
[2020.05.06-07.12.07:491][  0]LightingResults: New page: Lighting Build
[2020.05.06-07.12.07:527][  0]LogUObjectHash: Compacting FUObjectHashTables data took   1.45ms
[2020.05.06-07.12.07:869][  0]LogAIModule: Creating AISystem for world Level_1
[2020.05.06-07.12.07:913][  0]LogEditorServer: Finished looking for orphan Actors (0.000 secs)
[2020.05.06-07.12.07:948][  0]LogUObjectHash: Compacting FUObjectHashTables data took   1.89ms
[2020.05.06-07.12.07:948][  0]Cmd: MAP CHECKDEP NOCLEARLOG
[2020.05.06-07.12.07:949][  0]MapCheck: Map check complete: 0 Error(s), 0 Warning(s), took 0.337ms to complete.
[2020.05.06-07.12.07:949][  0]LogFileHelpers: Loading map 'Level_1' took 0.467
[2020.05.06-07.12.08:174][  0]LogSlate: Updating window title bar state: overlay mode, drag disabled, window buttons hidden, title bar hidden
[2020.05.06-07.12.08:182][  0]LogSlate: Updating window title bar state: overlay mode, drag disabled, window buttons hidden, title bar hidden
[2020.05.06-07.12.08:186][  0]LogSlate: Updating window title bar state: overlay mode, drag disabled, window buttons hidden, title bar hidden
[2020.05.06-07.12.08:191][  0]LogSlate: Updating window title bar state: overlay mode, drag disabled, window buttons hidden, title bar hidden
[2020.05.06-07.12.08:210][  0]LogCollectionManager: Loaded 0 collections in 0.001863 seconds
[2020.05.06-07.12.08:238][  0]LogFileCache: Scanning file cache for directory 'C:/Users/arrn4.MSI/GitHub/UE4-Platformer/Platformer/Saved/Collections/' took 0.00s
[2020.05.06-07.12.08:238][  0]LogFileCache: Scanning file cache for directory 'C:/Users/arrn4.MSI/GitHub/UE4-Platformer/Platformer/Content/Developers/arrn4/Collections/' took 0.00s
[2020.05.06-07.12.08:238][  0]LogFileCache: Scanning file cache for directory 'C:/Users/arrn4.MSI/GitHub/UE4-Platformer/Platformer/Content/Collections/' took 0.00s
[2020.05.06-07.12.08:238][  0]LogContentBrowser: Native class hierarchy populated in 0.0072 seconds. Added 3015 classes and 717 folders.
[2020.05.06-07.12.08:249][  0]LogContentBrowser: Native class hierarchy updated for 'WidgetCarousel' in 0.0002 seconds. Added 0 classes and 0 folders.
[2020.05.06-07.12.08:447][  0]LogContentBrowser: Native class hierarchy updated for 'AddContentDialog' in 0.0002 seconds. Added 0 classes and 0 folders.
[2020.05.06-07.12.08:459][  0]LogContentBrowser: Native class hierarchy updated for 'SceneOutliner' in 0.0002 seconds. Added 2 classes and 3 folders.
[2020.05.06-07.12.08:559][  0]LogSlate: Took 0.001562 seconds to synchronously load lazily loaded font '../../../Engine/Content/Slate/Fonts/Roboto-Regular.ttf' (155K)
[2020.05.06-07.12.08:562][  0]LogSlate: Took 0.000883 seconds to synchronously load lazily loaded font '../../../Engine/Content/Slate/Fonts/Roboto-Bold.ttf' (160K)
[2020.05.06-07.12.08:569][  0]LogSlate: Took 0.000814 seconds to synchronously load lazily loaded font '../../../Engine/Content/Editor/Slate/Fonts/FontAwesome.ttf' (139K)
[2020.05.06-07.12.08:649][  0]LogRenderer: Reallocating scene render targets to support 936x432 Format 10 NumSamples 1 (Frame:1).
[2020.05.06-07.12.08:838][  0]LogContentBrowser: Native class hierarchy updated for 'HierarchicalLODOutliner' in 0.0002 seconds. Added 0 classes and 0 folders.
[2020.05.06-07.12.08:838][  0]LogLoad: (Engine Initialization) Total time: 15.58 seconds
[2020.05.06-07.12.08:838][  0]LogLoad: (Engine Initialization) Total Blueprint compile time: 0.00 seconds
[2020.05.06-07.12.08:909][  0]LogContentStreaming: Texture pool size now 1000 MB
[2020.05.06-07.12.08:944][  0]LogSlate: Took 0.000788 seconds to synchronously load lazily loaded font '../../../Engine/Content/Slate/Fonts/Roboto-Light.ttf' (167K)
[2020.05.06-07.12.08:993][  1]LogAssetRegistry: Asset discovery search completed in 7.7850 seconds
[2020.05.06-07.12.08:996][  1]LogCollectionManager: Fixed up redirectors for 0 collections in 0.000008 seconds (updated 0 objects)
[2020.05.06-07.12.18:684][ 30]LogTemp: Resetting audio stream to device id 
[2020.05.06-07.12.18:698][ 30]LogAudioMixer: Display: Audio Device Output Speaker Info:
[2020.05.06-07.12.18:698][ 30]LogAudioMixer: Display: Name: Speakers (Logitech Wireless Headset)
[2020.05.06-07.12.18:698][ 30]LogAudioMixer: Display: Is Default: Yes
[2020.05.06-07.12.18:698][ 30]LogAudioMixer: Display: Sample Rate: 48000
[2020.05.06-07.12.18:698][ 30]LogAudioMixer: Display: Channel Count Used: 2
[2020.05.06-07.12.18:698][ 30]LogAudioMixer: Display: Device Channel Count: 2
[2020.05.06-07.12.18:698][ 30]LogAudioMixer: Display: Channel Order:
[2020.05.06-07.12.18:698][ 30]LogAudioMixer: Display: 0: FrontLeft
[2020.05.06-07.12.18:698][ 30]LogAudioMixer: Display: 1: FrontRight
[2020.05.06-07.22.33:272][735]LogTemp: Resetting audio stream to device id 
[2020.05.06-07.22.33:289][735]LogAudioMixer: Display: Audio Device Output Speaker Info:
[2020.05.06-07.22.33:289][735]LogAudioMixer: Display: Name: Speakers (Logitech Wireless Headset)
[2020.05.06-07.22.33:289][735]LogAudioMixer: Display: Is Default: Yes
[2020.05.06-07.22.33:289][735]LogAudioMixer: Display: Sample Rate: 48000
[2020.05.06-07.22.33:289][735]LogAudioMixer: Display: Channel Count Used: 2
[2020.05.06-07.22.33:289][735]LogAudioMixer: Display: Device Channel Count: 2
[2020.05.06-07.22.33:289][735]LogAudioMixer: Display: Channel Order:
[2020.05.06-07.22.33:289][735]LogAudioMixer: Display: 0: FrontLeft
[2020.05.06-07.22.33:289][735]LogAudioMixer: Display: 1: FrontRight
[2020.05.06-07.25.45:482][628]LogTemp: Repeating last play command: New Editor Window (PIE)
[2020.05.06-07.25.45:498][628]LogPlayLevel: PlayLevel: No blueprints needed recompiling
[2020.05.06-07.25.45:509][628]PIE: New page: PIE session: Level_1 (7 May 2020, 3:25:45 am)
[2020.05.06-07.25.45:514][628]LogOnline: OSS: Creating online subsystem instance for: NULL
[2020.05.06-07.25.45:515][628]LogOnline: OSS: TryLoadSubsystemAndSetDefault: Loaded subsystem for module [NULL]
[2020.05.06-07.25.45:515][628]LogPlayLevel: Creating play world package: /Game/__MyContent/maps/UEDPIE_0_Level_1
[2020.05.06-07.25.45:520][628]LogPlayLevel: PIE: StaticDuplicateObject took: (0.004450s)
[2020.05.06-07.25.45:521][628]LogAIModule: Creating AISystem for world Level_1
[2020.05.06-07.25.45:522][628]LogPlayLevel: PIE: World Init took: (0.002607s)
[2020.05.06-07.25.45:522][628]LogPlayLevel: PIE: Created PIE world by copying editor world from /Game/__MyContent/maps/Level_1.Level_1 to /Game/__MyContent/maps/UEDPIE_0_Level_1.Level_1 (0.007306s)
[2020.05.06-07.25.45:552][628]LogUObjectHash: Compacting FUObjectHashTables data took   1.32ms
[2020.05.06-07.25.45:554][628]LogAudioMixer: Display: Audio Mixer Platform Settings:
[2020.05.06-07.25.45:554][628]LogAudioMixer: Display: 	Sample Rate:						  48000
[2020.05.06-07.25.45:554][628]LogAudioMixer: Display: 	Callback Buffer Frame Size Requested: 1024
[2020.05.06-07.25.45:554][628]LogAudioMixer: Display: 	Callback Buffer Frame Size To Use:	  1024
[2020.05.06-07.25.45:554][628]LogAudioMixer: Display: 	Number of buffers to queue:			  2
[2020.05.06-07.25.45:554][628]LogAudioMixer: Display: 	Max Channels (voices):				  32
[2020.05.06-07.25.45:554][628]LogAudioMixer: Display: 	Number of Async Source Workers:		  0
[2020.05.06-07.25.45:554][628]LogAudio: Display: AudioDevice MaxSources: 32
[2020.05.06-07.25.45:554][628]LogAudio: Display: Using built-in audio occlusion.
[2020.05.06-07.25.45:554][628]LogAudioMixer: Display: Initializing audio mixer.
[2020.05.06-07.25.45:569][628]LogAudioMixer: Display: Audio Device Output Speaker Info:
[2020.05.06-07.25.45:569][628]LogAudioMixer: Display: Name: Speakers (Logitech Wireless Headset)
[2020.05.06-07.25.45:569][628]LogAudioMixer: Display: Is Default: Yes
[2020.05.06-07.25.45:569][628]LogAudioMixer: Display: Sample Rate: 48000
[2020.05.06-07.25.45:569][628]LogAudioMixer: Display: Channel Count Used: 2
[2020.05.06-07.25.45:569][628]LogAudioMixer: Display: Device Channel Count: 2
[2020.05.06-07.25.45:569][628]LogAudioMixer: Display: Channel Order:
[2020.05.06-07.25.45:569][628]LogAudioMixer: Display: 0: FrontLeft
[2020.05.06-07.25.45:569][628]LogAudioMixer: Display: 1: FrontRight
[2020.05.06-07.25.45:577][628]LogAudioMixer: Display: Using Audio Device Speakers (Logitech Wireless Headset)
[2020.05.06-07.25.45:579][628]LogInit: FAudioDevice initialized.
[2020.05.06-07.25.45:635][628]LogSlate: Updating window title bar state: overlay mode, drag disabled, window buttons hidden, title bar hidden
[2020.05.06-07.25.45:637][628]LogLoad: Game class is 'GameModeBase'
[2020.05.06-07.25.45:647][628]LogWorld: Bringing World /Game/__MyContent/maps/UEDPIE_0_Level_1.Level_1 up for play (max tick rate 60) at 2020.05.06-17.25.45
[2020.05.06-07.25.45:648][628]LogWorld: Bringing up level for play took: 0.007499
[2020.05.06-07.25.45:650][628]LogOnline: OSS: Creating online subsystem instance for: :Context_1
[2020.05.06-07.25.45:671][628]LogContentBrowser: Native class hierarchy updated for 'MovieSceneCapture' in 0.0005 seconds. Added 20 classes and 0 folders.
[2020.05.06-07.25.45:678][628]PIE: Play in editor start time for /Game/__MyContent/maps/UEDPIE_0_Level_1 0.803
[2020.05.06-07.25.45:798][629]LogRenderer: Reallocating scene render targets to support 1536x864 Format 10 NumSamples 1 (Frame:1).
[2020.05.06-07.25.57:706][290]LogAudioMixer: Display: No commands were queued while flushing the source manager.
[2020.05.06-07.25.57:711][290]LogAudioMixer: Display: Flush succeeded in the source manager command queue (1).
[2020.05.06-07.25.57:730][290]LogAudioMixer: Display: Flush succeeded the source manager command queue (2).
[2020.05.06-07.25.57:731][290]LogSlate: Updating window title bar state: overlay mode, drag disabled, window buttons hidden, title bar hidden
[2020.05.06-07.25.57:731][290]LogWorld: BeginTearingDown for /Game/__MyContent/maps/UEDPIE_0_Level_1
[2020.05.06-07.25.57:743][290]LogSlate: Window 'Platformer Game Preview Standalone (64-bit/PCD3D_SM5)' being destroyed
[2020.05.06-07.25.57:751][290]LogAudioMixer: Display: No commands were queued while flushing the source manager.
[2020.05.06-07.25.57:753][290]LogWorld: UWorld::CleanupWorld for Level_1, bSessionEnded=true, bCleanupResources=true
[2020.05.06-07.25.57:754][290]LogSlate: InvalidateAllWidgets triggered.  All widgets were invalidated
[2020.05.06-07.25.57:772][290]LogPlayLevel: Display: Shutting down PIE online subsystems
[2020.05.06-07.25.57:778][290]LogSlate: InvalidateAllWidgets triggered.  All widgets were invalidated
[2020.05.06-07.25.57:812][290]LogAudioMixer: Display: No commands were queued while flushing the source manager.
[2020.05.06-07.25.57:834][290]LogUObjectHash: Compacting FUObjectHashTables data took   5.78ms
[2020.05.06-07.25.57:876][291]LogPlayLevel: Display: Destroying online subsystem :Context_1
[2020.05.06-07.36.45:014][390]LogTemp: Resetting audio stream to device id 
[2020.05.06-07.36.45:034][390]LogAudioMixer: Display: Audio Device Output Speaker Info:
[2020.05.06-07.36.45:034][390]LogAudioMixer: Display: Name: Speakers (Logitech Wireless Headset)
[2020.05.06-07.36.45:034][390]LogAudioMixer: Display: Is Default: Yes
[2020.05.06-07.36.45:034][390]LogAudioMixer: Display: Sample Rate: 48000
[2020.05.06-07.36.45:034][390]LogAudioMixer: Display: Channel Count Used: 2
[2020.05.06-07.36.45:034][390]LogAudioMixer: Display: Device Channel Count: 2
[2020.05.06-07.36.45:034][390]LogAudioMixer: Display: Channel Order:
[2020.05.06-07.36.45:034][390]LogAudioMixer: Display: 0: FrontLeft
[2020.05.06-07.36.45:034][390]LogAudioMixer: Display: 1: FrontRight
[2020.05.06-07.37.52:796][592]LogTemp: Resetting audio stream to device id 
[2020.05.06-07.37.52:813][592]LogAudioMixer: Display: Audio Device Output Speaker Info:
[2020.05.06-07.37.52:813][592]LogAudioMixer: Display: Name: Speakers (Logitech Wireless Headset)
[2020.05.06-07.37.52:813][592]LogAudioMixer: Display: Is Default: Yes
[2020.05.06-07.37.52:813][592]LogAudioMixer: Display: Sample Rate: 48000
[2020.05.06-07.37.52:813][592]LogAudioMixer: Display: Channel Count Used: 2
[2020.05.06-07.37.52:813][592]LogAudioMixer: Display: Device Channel Count: 2
[2020.05.06-07.37.52:813][592]LogAudioMixer: Display: Channel Order:
[2020.05.06-07.37.52:813][592]LogAudioMixer: Display: 0: FrontLeft
[2020.05.06-07.37.52:813][592]LogAudioMixer: Display: 1: FrontRight
[2020.05.06-07.38.37:041][724]LogAudioMixer: Warning: Audio device removed, falling back to other windows default device.
[2020.05.06-07.38.37:041][724]LogTemp: Resetting audio stream to device id 
[2020.05.06-07.38.37:059][724]LogAudioMixer: Display: Audio Device Output Speaker Info:
[2020.05.06-07.38.37:059][724]LogAudioMixer: Display: Name: Speakers (Logitech Wireless Headset)
[2020.05.06-07.38.37:059][724]LogAudioMixer: Display: Is Default: Yes
[2020.05.06-07.38.37:059][724]LogAudioMixer: Display: Sample Rate: 48000
[2020.05.06-07.38.37:059][724]LogAudioMixer: Display: Channel Count Used: 2
[2020.05.06-07.38.37:059][724]LogAudioMixer: Display: Device Channel Count: 2
[2020.05.06-07.38.37:059][724]LogAudioMixer: Display: Channel Order:
[2020.05.06-07.38.37:059][724]LogAudioMixer: Display: 0: FrontLeft
[2020.05.06-07.38.37:059][724]LogAudioMixer: Display: 1: FrontRight
[2020.05.06-07.38.37:077][724]LogAudioMixer: Error: Audio Platform Device Error: 0x80070005: UNKNOWN (File D:/Build/++UE4/Sync/Engine/Source/Runtime/Windows/AudioMixerXAudio2/Private/AudioMixerPlatformXAudio2.cpp, Line 867)
[2020.05.06-07.38.38:054][727]LogTemp: Resetting audio stream to device id 
[2020.05.06-07.38.38:108][727]LogAudioMixer: Display: Audio Device Output Speaker Info:
[2020.05.06-07.38.38:109][727]LogAudioMixer: Display: Name: Speakers (Logitech Wireless Headset)
[2020.05.06-07.38.38:109][727]LogAudioMixer: Display: Is Default: Yes
[2020.05.06-07.38.38:109][727]LogAudioMixer: Display: Sample Rate: 48000
[2020.05.06-07.38.38:109][727]LogAudioMixer: Display: Channel Count Used: 2
[2020.05.06-07.38.38:109][727]LogAudioMixer: Display: Device Channel Count: 2
[2020.05.06-07.38.38:109][727]LogAudioMixer: Display: Channel Order:
[2020.05.06-07.38.38:109][727]LogAudioMixer: Display: 0: FrontLeft
[2020.05.06-07.38.38:109][727]LogAudioMixer: Display: 1: FrontRight
[2020.05.06-07.38.38:160][727]LogAudioMixer: Error: Audio Platform Device Error: 0x80070005: UNKNOWN (File D:/Build/++UE4/Sync/Engine/Source/Runtime/Windows/AudioMixerXAudio2/Private/AudioMixerPlatformXAudio2.cpp, Line 867)
[2020.05.06-07.38.39:058][730]LogTemp: Resetting audio stream to device id 
[2020.05.06-07.38.39:071][730]LogAudioMixer: Display: Audio Device Output Speaker Info:
[2020.05.06-07.38.39:071][730]LogAudioMixer: Display: Name: Speakers (Logitech Wireless Headset)
[2020.05.06-07.38.39:071][730]LogAudioMixer: Display: Is Default: Yes
[2020.05.06-07.38.39:071][730]LogAudioMixer: Display: Sample Rate: 48000
[2020.05.06-07.38.39:071][730]LogAudioMixer: Display: Channel Count Used: 2
[2020.05.06-07.38.39:071][730]LogAudioMixer: Display: Device Channel Count: 2
[2020.05.06-07.38.39:071][730]LogAudioMixer: Display: Channel Order:
[2020.05.06-07.38.39:071][730]LogAudioMixer: Display: 0: FrontLeft
[2020.05.06-07.38.39:071][730]LogAudioMixer: Display: 1: FrontRight
[2020.05.06-07.38.39:088][730]LogAudioMixer: Error: Audio Platform Device Error: 0x80070005: UNKNOWN (File D:/Build/++UE4/Sync/Engine/Source/Runtime/Windows/AudioMixerXAudio2/Private/AudioMixerPlatformXAudio2.cpp, Line 867)
[2020.05.06-07.38.40:062][733]LogTemp: Resetting audio stream to device id 
[2020.05.06-07.38.40:116][733]LogAudioMixer: Display: Audio Device Output Speaker Info:
[2020.05.06-07.38.40:116][733]LogAudioMixer: Display: Name: Speakers (Logitech Wireless Headset)
[2020.05.06-07.38.40:116][733]LogAudioMixer: Display: Is Default: Yes
[2020.05.06-07.38.40:116][733]LogAudioMixer: Display: Sample Rate: 48000
[2020.05.06-07.38.40:116][733]LogAudioMixer: Display: Channel Count Used: 2
[2020.05.06-07.38.40:116][733]LogAudioMixer: Display: Device Channel Count: 2
[2020.05.06-07.38.40:116][733]LogAudioMixer: Display: Channel Order:
[2020.05.06-07.38.40:116][733]LogAudioMixer: Display: 0: FrontLeft
[2020.05.06-07.38.40:116][733]LogAudioMixer: Display: 1: FrontRight
[2020.05.06-07.38.40:142][733]LogAudioMixer: Error: Audio Platform Device Error: 0x80070005: UNKNOWN (File D:/Build/++UE4/Sync/Engine/Source/Runtime/Windows/AudioMixerXAudio2/Private/AudioMixerPlatformXAudio2.cpp, Line 867)
[2020.05.06-07.38.41:062][736]LogTemp: Resetting audio stream to device id 
[2020.05.06-07.38.41:110][736]LogAudioMixer: Display: Audio Device Output Speaker Info:
[2020.05.06-07.38.41:111][736]LogAudioMixer: Display: Name: Speakers (Logitech Wireless Headset)
[2020.05.06-07.38.41:111][736]LogAudioMixer: Display: Is Default: Yes
[2020.05.06-07.38.41:111][736]LogAudioMixer: Display: Sample Rate: 48000
[2020.05.06-07.38.41:111][736]LogAudioMixer: Display: Channel Count Used: 2
[2020.05.06-07.38.41:111][736]LogAudioMixer: Display: Device Channel Count: 2
[2020.05.06-07.38.41:111][736]LogAudioMixer: Display: Channel Order:
[2020.05.06-07.38.41:111][736]LogAudioMixer: Display: 0: FrontLeft
[2020.05.06-07.38.41:111][736]LogAudioMixer: Display: 1: FrontRight
[2020.05.06-07.38.41:135][736]LogAudioMixer: Error: Audio Platform Device Error: 0x80070005: UNKNOWN (File D:/Build/++UE4/Sync/Engine/Source/Runtime/Windows/AudioMixerXAudio2/Private/AudioMixerPlatformXAudio2.cpp, Line 867)
[2020.05.06-07.38.42:063][739]LogTemp: Resetting audio stream to device id 
[2020.05.06-07.38.42:113][739]LogAudioMixer: Display: Audio Device Output Speaker Info:
[2020.05.06-07.38.42:113][739]LogAudioMixer: Display: Name: Speakers (Logitech Wireless Headset)
[2020.05.06-07.38.42:113][739]LogAudioMixer: Display: Is Default: Yes
[2020.05.06-07.38.42:113][739]LogAudioMixer: Display: Sample Rate: 48000
[2020.05.06-07.38.42:113][739]LogAudioMixer: Display: Channel Count Used: 2
[2020.05.06-07.38.42:113][739]LogAudioMixer: Display: Device Channel Count: 2
[2020.05.06-07.38.42:113][739]LogAudioMixer: Display: Channel Order:
[2020.05.06-07.38.42:113][739]LogAudioMixer: Display: 0: FrontLeft
[2020.05.06-07.38.42:113][739]LogAudioMixer: Display: 1: FrontRight
[2020.05.06-07.38.42:140][739]LogAudioMixer: Error: Audio Platform Device Error: 0x80070005: UNKNOWN (File D:/Build/++UE4/Sync/Engine/Source/Runtime/Windows/AudioMixerXAudio2/Private/AudioMixerPlatformXAudio2.cpp, Line 867)
[2020.05.06-07.38.43:068][742]LogTemp: Resetting audio stream to device id 
[2020.05.06-07.38.43:137][742]LogAudioMixer: Display: Audio Device Output Speaker Info:
[2020.05.06-07.38.43:137][742]LogAudioMixer: Display: Name: Speakers (Logitech Wireless Headset)
[2020.05.06-07.38.43:137][742]LogAudioMixer: Display: Is Default: Yes
[2020.05.06-07.38.43:137][742]LogAudioMixer: Display: Sample Rate: 48000
[2020.05.06-07.38.43:137][742]LogAudioMixer: Display: Channel Count Used: 2
[2020.05.06-07.38.43:137][742]LogAudioMixer: Display: Device Channel Count: 2
[2020.05.06-07.38.43:137][742]LogAudioMixer: Display: Channel Order:
[2020.05.06-07.38.43:137][742]LogAudioMixer: Display: 0: FrontLeft
[2020.05.06-07.38.43:137][742]LogAudioMixer: Display: 1: FrontRight
[2020.05.06-07.38.43:196][742]LogAudioMixer: Error: Audio Platform Device Error: 0x80070005: UNKNOWN (File D:/Build/++UE4/Sync/Engine/Source/Runtime/Windows/AudioMixerXAudio2/Private/AudioMixerPlatformXAudio2.cpp, Line 867)
[2020.05.06-07.38.44:067][745]LogTemp: Resetting audio stream to device id 
[2020.05.06-07.38.44:115][745]LogAudioMixer: Display: Audio Device Output Speaker Info:
[2020.05.06-07.38.44:115][745]LogAudioMixer: Display: Name: Speakers (Logitech Wireless Headset)
[2020.05.06-07.38.44:115][745]LogAudioMixer: Display: Is Default: Yes
[2020.05.06-07.38.44:115][745]LogAudioMixer: Display: Sample Rate: 48000
[2020.05.06-07.38.44:115][745]LogAudioMixer: Display: Channel Count Used: 2
[2020.05.06-07.38.44:115][745]LogAudioMixer: Display: Device Channel Count: 2
[2020.05.06-07.38.44:115][745]LogAudioMixer: Display: Channel Order:
[2020.05.06-07.38.44:115][745]LogAudioMixer: Display: 0: FrontLeft
[2020.05.06-07.38.44:115][745]LogAudioMixer: Display: 1: FrontRight
[2020.05.06-07.38.44:138][745]LogAudioMixer: Error: Audio Platform Device Error: 0x80070005: UNKNOWN (File D:/Build/++UE4/Sync/Engine/Source/Runtime/Windows/AudioMixerXAudio2/Private/AudioMixerPlatformXAudio2.cpp, Line 867)
[2020.05.06-07.38.45:071][748]LogTemp: Resetting audio stream to device id 
[2020.05.06-07.38.45:090][748]LogAudioMixer: Display: Audio Device Output Speaker Info:
[2020.05.06-07.38.45:090][748]LogAudioMixer: Display: Name: Speakers (Logitech Wireless Headset)
[2020.05.06-07.38.45:090][748]LogAudioMixer: Display: Is Default: Yes
[2020.05.06-07.38.45:090][748]LogAudioMixer: Display: Sample Rate: 48000
[2020.05.06-07.38.45:090][748]LogAudioMixer: Display: Channel Count Used: 2
[2020.05.06-07.38.45:090][748]LogAudioMixer: Display: Device Channel Count: 2
[2020.05.06-07.38.45:090][748]LogAudioMixer: Display: Channel Order:
[2020.05.06-07.38.45:090][748]LogAudioMixer: Display: 0: FrontLeft
[2020.05.06-07.38.45:090][748]LogAudioMixer: Display: 1: FrontRight
[2020.05.06-07.38.45:108][748]LogAudioMixer: Error: Audio Platform Device Error: 0x80070005: UNKNOWN (File D:/Build/++UE4/Sync/Engine/Source/Runtime/Windows/AudioMixerXAudio2/Private/AudioMixerPlatformXAudio2.cpp, Line 867)
[2020.05.06-07.38.45:738][750]LogAudioMixer: Warning: Changing default audio render device to new device: {0.0.0.00000000}.{aafaf473-e484-430d-aeb3-eb474d4d0ddc}.
[2020.05.06-07.38.45:738][750]LogTemp: Resetting audio stream to device id 
[2020.05.06-07.38.45:752][750]LogAudioMixer: Display: Audio Device Output Speaker Info:
[2020.05.06-07.38.45:752][750]LogAudioMixer: Display: Name: Speakers (Logitech Wireless Headset)
[2020.05.06-07.38.45:752][750]LogAudioMixer: Display: Is Default: Yes
[2020.05.06-07.38.45:752][750]LogAudioMixer: Display: Sample Rate: 48000
[2020.05.06-07.38.45:752][750]LogAudioMixer: Display: Channel Count Used: 2
[2020.05.06-07.38.45:752][750]LogAudioMixer: Display: Device Channel Count: 2
[2020.05.06-07.38.45:752][750]LogAudioMixer: Display: Channel Order:
[2020.05.06-07.38.45:752][750]LogAudioMixer: Display: 0: FrontLeft
[2020.05.06-07.38.45:752][750]LogAudioMixer: Display: 1: FrontRight
[2020.05.06-07.38.45:770][750]LogAudioMixer: Error: Audio Platform Device Error: 0x80070005: UNKNOWN (File D:/Build/++UE4/Sync/Engine/Source/Runtime/Windows/AudioMixerXAudio2/Private/AudioMixerPlatformXAudio2.cpp, Line 867)
[2020.05.06-07.38.46:077][751]LogTemp: Resetting audio stream to device id 
[2020.05.06-07.38.46:094][751]LogAudioMixer: Display: Audio Device Output Speaker Info:
[2020.05.06-07.38.46:094][751]LogAudioMixer: Display: Name: Speakers (Logitech Wireless Headset)
[2020.05.06-07.38.46:094][751]LogAudioMixer: Display: Is Default: Yes
[2020.05.06-07.38.46:094][751]LogAudioMixer: Display: Sample Rate: 48000
[2020.05.06-07.38.46:094][751]LogAudioMixer: Display: Channel Count Used: 2
[2020.05.06-07.38.46:094][751]LogAudioMixer: Display: Device Channel Count: 2
[2020.05.06-07.38.46:094][751]LogAudioMixer: Display: Channel Order:
[2020.05.06-07.38.46:094][751]LogAudioMixer: Display: 0: FrontLeft
[2020.05.06-07.38.46:094][751]LogAudioMixer: Display: 1: FrontRight
[2020.05.06-07.38.46:117][751]LogAudioMixer: Error: Audio Platform Device Error: 0x80070005: UNKNOWN (File D:/Build/++UE4/Sync/Engine/Source/Runtime/Windows/AudioMixerXAudio2/Private/AudioMixerPlatformXAudio2.cpp, Line 867)
[2020.05.06-07.38.47:086][754]LogTemp: Resetting audio stream to device id 
[2020.05.06-07.38.47:134][754]LogAudioMixer: Display: Audio Device Output Speaker Info:
[2020.05.06-07.38.47:134][754]LogAudioMixer: Display: Name: Speakers (Logitech Wireless Headset)
[2020.05.06-07.38.47:134][754]LogAudioMixer: Display: Is Default: Yes
[2020.05.06-07.38.47:134][754]LogAudioMixer: Display: Sample Rate: 48000
[2020.05.06-07.38.47:134][754]LogAudioMixer: Display: Channel Count Used: 2
[2020.05.06-07.38.47:134][754]LogAudioMixer: Display: Device Channel Count: 2
[2020.05.06-07.38.47:134][754]LogAudioMixer: Display: Channel Order:
[2020.05.06-07.38.47:134][754]LogAudioMixer: Display: 0: FrontLeft
[2020.05.06-07.38.47:134][754]LogAudioMixer: Display: 1: FrontRight
[2020.05.06-07.38.47:163][754]LogAudioMixer: Error: Audio Platform Device Error: 0x80070005: UNKNOWN (File D:/Build/++UE4/Sync/Engine/Source/Runtime/Windows/AudioMixerXAudio2/Private/AudioMixerPlatformXAudio2.cpp, Line 867)
[2020.05.06-07.38.48:090][757]LogTemp: Resetting audio stream to device id 
[2020.05.06-07.38.48:134][757]LogAudioMixer: Display: Audio Device Output Speaker Info:
[2020.05.06-07.38.48:134][757]LogAudioMixer: Display: Name: Speakers (Logitech Wireless Headset)
[2020.05.06-07.38.48:134][757]LogAudioMixer: Display: Is Default: Yes
[2020.05.06-07.38.48:134][757]LogAudioMixer: Display: Sample Rate: 48000
[2020.05.06-07.38.48:134][757]LogAudioMixer: Display: Channel Count Used: 2
[2020.05.06-07.38.48:134][757]LogAudioMixer: Display: Device Channel Count: 2
[2020.05.06-07.38.48:134][757]LogAudioMixer: Display: Channel Order:
[2020.05.06-07.38.48:134][757]LogAudioMixer: Display: 0: FrontLeft
[2020.05.06-07.38.48:134][757]LogAudioMixer: Display: 1: FrontRight
[2020.05.06-07.38.48:156][757]LogAudioMixer: Error: Audio Platform Device Error: 0x80070005: UNKNOWN (File D:/Build/++UE4/Sync/Engine/Source/Runtime/Windows/AudioMixerXAudio2/Private/AudioMixerPlatformXAudio2.cpp, Line 867)
[2020.05.06-07.38.49:094][760]LogTemp: Resetting audio stream to device id 
[2020.05.06-07.38.49:134][760]LogAudioMixer: Display: Audio Device Output Speaker Info:
[2020.05.06-07.38.49:134][760]LogAudioMixer: Display: Name: Speakers (Logitech Wireless Headset)
[2020.05.06-07.38.49:134][760]LogAudioMixer: Display: Is Default: Yes
[2020.05.06-07.38.49:134][760]LogAudioMixer: Display: Sample Rate: 48000
[2020.05.06-07.38.49:134][760]LogAudioMixer: Display: Channel Count Used: 2
[2020.05.06-07.38.49:134][760]LogAudioMixer: Display: Device Channel Count: 2
[2020.05.06-07.38.49:134][760]LogAudioMixer: Display: Channel Order:
[2020.05.06-07.38.49:134][760]LogAudioMixer: Display: 0: FrontLeft
[2020.05.06-07.38.49:134][760]LogAudioMixer: Display: 1: FrontRight
[2020.05.06-07.38.49:194][760]LogAudioMixer: Error: Audio Platform Device Error: 0x80070005: UNKNOWN (File D:/Build/++UE4/Sync/Engine/Source/Runtime/Windows/AudioMixerXAudio2/Private/AudioMixerPlatformXAudio2.cpp, Line 867)
[2020.05.06-07.38.50:098][763]LogTemp: Resetting audio stream to device id 
[2020.05.06-07.38.50:151][763]LogAudioMixer: Display: Audio Device Output Speaker Info:
[2020.05.06-07.38.50:151][763]LogAudioMixer: Display: Name: Speakers (Logitech Wireless Headset)
[2020.05.06-07.38.50:151][763]LogAudioMixer: Display: Is Default: Yes
[2020.05.06-07.38.50:151][763]LogAudioMixer: Display: Sample Rate: 48000
[2020.05.06-07.38.50:151][763]LogAudioMixer: Display: Channel Count Used: 2
[2020.05.06-07.38.50:151][763]LogAudioMixer: Display: Device Channel Count: 2
[2020.05.06-07.38.50:152][763]LogAudioMixer: Display: Channel Order:
[2020.05.06-07.38.50:152][763]LogAudioMixer: Display: 0: FrontLeft
[2020.05.06-07.38.50:152][763]LogAudioMixer: Display: 1: FrontRight
[2020.05.06-07.38.50:208][763]LogAudioMixer: Error: Audio Platform Device Error: 0x80070005: UNKNOWN (File D:/Build/++UE4/Sync/Engine/Source/Runtime/Windows/AudioMixerXAudio2/Private/AudioMixerPlatformXAudio2.cpp, Line 867)
[2020.05.06-07.38.51:099][766]LogTemp: Resetting audio stream to device id 
[2020.05.06-07.38.51:144][766]LogAudioMixer: Display: Audio Device Output Speaker Info:
[2020.05.06-07.38.51:144][766]LogAudioMixer: Display: Name: Speakers (Logitech Wireless Headset)
[2020.05.06-07.38.51:144][766]LogAudioMixer: Display: Is Default: Yes
[2020.05.06-07.38.51:144][766]LogAudioMixer: Display: Sample Rate: 48000
[2020.05.06-07.38.51:144][766]LogAudioMixer: Display: Channel Count Used: 2
[2020.05.06-07.38.51:144][766]LogAudioMixer: Display: Device Channel Count: 2
[2020.05.06-07.38.51:144][766]LogAudioMixer: Display: Channel Order:
[2020.05.06-07.38.51:144][766]LogAudioMixer: Display: 0: FrontLeft
[2020.05.06-07.38.51:145][766]LogAudioMixer: Display: 1: FrontRight
[2020.05.06-07.38.51:203][766]LogAudioMixer: Error: Audio Platform Device Error: 0x80070005: UNKNOWN (File D:/Build/++UE4/Sync/Engine/Source/Runtime/Windows/AudioMixerXAudio2/Private/AudioMixerPlatformXAudio2.cpp, Line 867)
[2020.05.06-07.38.52:099][769]LogTemp: Resetting audio stream to device id 
[2020.05.06-07.38.52:155][769]LogAudioMixer: Display: Audio Device Output Speaker Info:
[2020.05.06-07.38.52:155][769]LogAudioMixer: Display: Name: Speakers (Logitech Wireless Headset)
[2020.05.06-07.38.52:155][769]LogAudioMixer: Display: Is Default: Yes
[2020.05.06-07.38.52:155][769]LogAudioMixer: Display: Sample Rate: 48000
[2020.05.06-07.38.52:155][769]LogAudioMixer: Display: Channel Count Used: 2
[2020.05.06-07.38.52:155][769]LogAudioMixer: Display: Device Channel Count: 2
[2020.05.06-07.38.52:155][769]LogAudioMixer: Display: Channel Order:
[2020.05.06-07.38.52:155][769]LogAudioMixer: Display: 0: FrontLeft
[2020.05.06-07.38.52:155][769]LogAudioMixer: Display: 1: FrontRight
[2020.05.06-07.38.52:239][769]LogAudioMixer: Error: Audio Platform Device Error: 0x80070005: UNKNOWN (File D:/Build/++UE4/Sync/Engine/Source/Runtime/Windows/AudioMixerXAudio2/Private/AudioMixerPlatformXAudio2.cpp, Line 867)
[2020.05.06-07.38.53:099][772]LogTemp: Resetting audio stream to device id 
[2020.05.06-07.38.53:170][772]LogAudioMixer: Display: Audio Device Output Speaker Info:
[2020.05.06-07.38.53:170][772]LogAudioMixer: Display: Name: Speakers (Logitech Wireless Headset)
[2020.05.06-07.38.53:170][772]LogAudioMixer: Display: Is Default: Yes
[2020.05.06-07.38.53:170][772]LogAudioMixer: Display: Sample Rate: 48000
[2020.05.06-07.38.53:170][772]LogAudioMixer: Display: Channel Count Used: 2
[2020.05.06-07.38.53:170][772]LogAudioMixer: Display: Device Channel Count: 2
[2020.05.06-07.38.53:170][772]LogAudioMixer: Display: Channel Order:
[2020.05.06-07.38.53:170][772]LogAudioMixer: Display: 0: FrontLeft
[2020.05.06-07.38.53:170][772]LogAudioMixer: Display: 1: FrontRight
[2020.05.06-07.38.53:259][772]LogAudioMixer: Error: Audio Platform Device Error: 0x80070005: UNKNOWN (File D:/Build/++UE4/Sync/Engine/Source/Runtime/Windows/AudioMixerXAudio2/Private/AudioMixerPlatformXAudio2.cpp, Line 867)
[2020.05.06-07.38.54:103][775]LogTemp: Resetting audio stream to device id 
[2020.05.06-07.38.54:172][775]LogAudioMixer: Display: Audio Device Output Speaker Info:
[2020.05.06-07.38.54:172][775]LogAudioMixer: Display: Name: Speakers (Logitech Wireless Headset)
[2020.05.06-07.38.54:172][775]LogAudioMixer: Display: Is Default: Yes
[2020.05.06-07.38.54:172][775]LogAudioMixer: Display: Sample Rate: 48000
[2020.05.06-07.38.54:172][775]LogAudioMixer: Display: Channel Count Used: 2
[2020.05.06-07.38.54:172][775]LogAudioMixer: Display: Device Channel Count: 2
[2020.05.06-07.38.54:172][775]LogAudioMixer: Display: Channel Order:
[2020.05.06-07.38.54:172][775]LogAudioMixer: Display: 0: FrontLeft
[2020.05.06-07.38.54:172][775]LogAudioMixer: Display: 1: FrontRight
[2020.05.06-07.38.54:248][775]LogAudioMixer: Error: Audio Platform Device Error: 0x80070005: UNKNOWN (File D:/Build/++UE4/Sync/Engine/Source/Runtime/Windows/AudioMixerXAudio2/Private/AudioMixerPlatformXAudio2.cpp, Line 867)
[2020.05.06-07.38.55:103][778]LogTemp: Resetting audio stream to device id 
[2020.05.06-07.38.55:170][778]LogAudioMixer: Display: Audio Device Output Speaker Info:
[2020.05.06-07.38.55:170][778]LogAudioMixer: Display: Name: Speakers (Logitech Wireless Headset)
[2020.05.06-07.38.55:170][778]LogAudioMixer: Display: Is Default: Yes
[2020.05.06-07.38.55:170][778]LogAudioMixer: Display: Sample Rate: 48000
[2020.05.06-07.38.55:170][778]LogAudioMixer: Display: Channel Count Used: 2
[2020.05.06-07.38.55:170][778]LogAudioMixer: Display: Device Channel Count: 2
[2020.05.06-07.38.55:170][778]LogAudioMixer: Display: Channel Order:
[2020.05.06-07.38.55:170][778]LogAudioMixer: Display: 0: FrontLeft
[2020.05.06-07.38.55:170][778]LogAudioMixer: Display: 1: FrontRight
[2020.05.06-07.38.55:252][778]LogAudioMixer: Error: Audio Platform Device Error: 0x80070005: UNKNOWN (File D:/Build/++UE4/Sync/Engine/Source/Runtime/Windows/AudioMixerXAudio2/Private/AudioMixerPlatformXAudio2.cpp, Line 867)
[2020.05.06-07.38.56:114][781]LogTemp: Resetting audio stream to device id 
[2020.05.06-07.38.56:174][781]LogAudioMixer: Display: Audio Device Output Speaker Info:
[2020.05.06-07.38.56:174][781]LogAudioMixer: Display: Name: Speakers (Logitech Wireless Headset)
[2020.05.06-07.38.56:174][781]LogAudioMixer: Display: Is Default: Yes
[2020.05.06-07.38.56:174][781]LogAudioMixer: Display: Sample Rate: 48000
[2020.05.06-07.38.56:174][781]LogAudioMixer: Display: Channel Count Used: 2
[2020.05.06-07.38.56:174][781]LogAudioMixer: Display: Device Channel Count: 2
[2020.05.06-07.38.56:174][781]LogAudioMixer: Display: Channel Order:
[2020.05.06-07.38.56:174][781]LogAudioMixer: Display: 0: FrontLeft
[2020.05.06-07.38.56:174][781]LogAudioMixer: Display: 1: FrontRight
[2020.05.06-07.38.56:273][781]LogAudioMixer: Error: Audio Platform Device Error: 0x80070005: UNKNOWN (File D:/Build/++UE4/Sync/Engine/Source/Runtime/Windows/AudioMixerXAudio2/Private/AudioMixerPlatformXAudio2.cpp, Line 867)
[2020.05.06-07.38.57:127][784]LogTemp: Resetting audio stream to device id 
[2020.05.06-07.38.57:152][784]LogAudioMixer: Display: Audio Device Output Speaker Info:
[2020.05.06-07.38.57:152][784]LogAudioMixer: Display: Name: Speakers (Logitech Wireless Headset)
[2020.05.06-07.38.57:152][784]LogAudioMixer: Display: Is Default: Yes
[2020.05.06-07.38.57:152][784]LogAudioMixer: Display: Sample Rate: 48000
[2020.05.06-07.38.57:152][784]LogAudioMixer: Display: Channel Count Used: 2
[2020.05.06-07.38.57:152][784]LogAudioMixer: Display: Device Channel Count: 2
[2020.05.06-07.38.57:152][784]LogAudioMixer: Display: Channel Order:
[2020.05.06-07.38.57:152][784]LogAudioMixer: Display: 0: FrontLeft
[2020.05.06-07.38.57:152][784]LogAudioMixer: Display: 1: FrontRight
[2020.05.06-07.38.57:205][784]LogAudioMixer: Error: Audio Platform Device Error: 0x80070005: UNKNOWN (File D:/Build/++UE4/Sync/Engine/Source/Runtime/Windows/AudioMixerXAudio2/Private/AudioMixerPlatformXAudio2.cpp, Line 867)
[2020.05.06-07.38.58:131][787]LogTemp: Resetting audio stream to device id 
[2020.05.06-07.38.58:182][787]LogAudioMixer: Display: Audio Device Output Speaker Info:
[2020.05.06-07.38.58:182][787]LogAudioMixer: Display: Name: Speakers (Logitech Wireless Headset)
[2020.05.06-07.38.58:182][787]LogAudioMixer: Display: Is Default: Yes
[2020.05.06-07.38.58:182][787]LogAudioMixer: Display: Sample Rate: 48000
[2020.05.06-07.38.58:182][787]LogAudioMixer: Display: Channel Count Used: 2
[2020.05.06-07.38.58:182][787]LogAudioMixer: Display: Device Channel Count: 2
[2020.05.06-07.38.58:182][787]LogAudioMixer: Display: Channel Order:
[2020.05.06-07.38.58:182][787]LogAudioMixer: Display: 0: FrontLeft
[2020.05.06-07.38.58:182][787]LogAudioMixer: Display: 1: FrontRight
[2020.05.06-07.38.58:247][787]LogAudioMixer: Error: Audio Platform Device Error: 0x80070005: UNKNOWN (File D:/Build/++UE4/Sync/Engine/Source/Runtime/Windows/AudioMixerXAudio2/Private/AudioMixerPlatformXAudio2.cpp, Line 867)
[2020.05.06-07.38.59:138][790]LogTemp: Resetting audio stream to device id 
[2020.05.06-07.38.59:197][790]LogAudioMixer: Display: Audio Device Output Speaker Info:
[2020.05.06-07.38.59:198][790]LogAudioMixer: Display: Name: Speakers (Logitech Wireless Headset)
[2020.05.06-07.38.59:198][790]LogAudioMixer: Display: Is Default: Yes
[2020.05.06-07.38.59:198][790]LogAudioMixer: Display: Sample Rate: 48000
[2020.05.06-07.38.59:198][790]LogAudioMixer: Display: Channel Count Used: 2
[2020.05.06-07.38.59:198][790]LogAudioMixer: Display: Device Channel Count: 2
[2020.05.06-07.38.59:198][790]LogAudioMixer: Display: Channel Order:
[2020.05.06-07.38.59:198][790]LogAudioMixer: Display: 0: FrontLeft
[2020.05.06-07.38.59:198][790]LogAudioMixer: Display: 1: FrontRight
[2020.05.06-07.38.59:266][790]LogAudioMixer: Error: Audio Platform Device Error: 0x80070005: UNKNOWN (File D:/Build/++UE4/Sync/Engine/Source/Runtime/Windows/AudioMixerXAudio2/Private/AudioMixerPlatformXAudio2.cpp, Line 867)
[2020.05.06-07.39.00:139][793]LogTemp: Resetting audio stream to device id 
[2020.05.06-07.39.00:191][793]LogAudioMixer: Display: Audio Device Output Speaker Info:
[2020.05.06-07.39.00:191][793]LogAudioMixer: Display: Name: Speakers (Logitech Wireless Headset)
[2020.05.06-07.39.00:191][793]LogAudioMixer: Display: Is Default: Yes
[2020.05.06-07.39.00:191][793]LogAudioMixer: Display: Sample Rate: 48000
[2020.05.06-07.39.00:191][793]LogAudioMixer: Display: Channel Count Used: 2
[2020.05.06-07.39.00:191][793]LogAudioMixer: Display: Device Channel Count: 2
[2020.05.06-07.39.00:191][793]LogAudioMixer: Display: Channel Order:
[2020.05.06-07.39.00:191][793]LogAudioMixer: Display: 0: FrontLeft
[2020.05.06-07.39.00:191][793]LogAudioMixer: Display: 1: FrontRight
[2020.05.06-07.39.00:257][793]LogAudioMixer: Error: Audio Platform Device Error: 0x80070005: UNKNOWN (File D:/Build/++UE4/Sync/Engine/Source/Runtime/Windows/AudioMixerXAudio2/Private/AudioMixerPlatformXAudio2.cpp, Line 867)
[2020.05.06-07.39.01:139][796]LogTemp: Resetting audio stream to device id 
[2020.05.06-07.39.01:190][796]LogAudioMixer: Display: Audio Device Output Speaker Info:
[2020.05.06-07.39.01:191][796]LogAudioMixer: Display: Name: Speakers (Logitech Wireless Headset)
[2020.05.06-07.39.01:191][796]LogAudioMixer: Display: Is Default: Yes
[2020.05.06-07.39.01:191][796]LogAudioMixer: Display: Sample Rate: 48000
[2020.05.06-07.39.01:191][796]LogAudioMixer: Display: Channel Count Used: 2
[2020.05.06-07.39.01:191][796]LogAudioMixer: Display: Device Channel Count: 2
[2020.05.06-07.39.01:191][796]LogAudioMixer: Display: Channel Order:
[2020.05.06-07.39.01:191][796]LogAudioMixer: Display: 0: FrontLeft
[2020.05.06-07.39.01:191][796]LogAudioMixer: Display: 1: FrontRight
[2020.05.06-07.39.01:247][796]LogAudioMixer: Error: Audio Platform Device Error: 0x80070005: UNKNOWN (File D:/Build/++UE4/Sync/Engine/Source/Runtime/Windows/AudioMixerXAudio2/Private/AudioMixerPlatformXAudio2.cpp, Line 867)
[2020.05.06-07.39.02:144][799]LogTemp: Resetting audio stream to device id 
[2020.05.06-07.39.02:173][799]LogAudioMixer: Display: Audio Device Output Speaker Info:
[2020.05.06-07.39.02:173][799]LogAudioMixer: Display: Name: Speakers (Logitech Wireless Headset)
[2020.05.06-07.39.02:173][799]LogAudioMixer: Display: Is Default: Yes
[2020.05.06-07.39.02:173][799]LogAudioMixer: Display: Sample Rate: 48000
[2020.05.06-07.39.02:173][799]LogAudioMixer: Display: Channel Count Used: 2
[2020.05.06-07.39.02:173][799]LogAudioMixer: Display: Device Channel Count: 2
[2020.05.06-07.39.02:173][799]LogAudioMixer: Display: Channel Order:
[2020.05.06-07.39.02:173][799]LogAudioMixer: Display: 0: FrontLeft
[2020.05.06-07.39.02:173][799]LogAudioMixer: Display: 1: FrontRight
[2020.05.06-07.39.02:271][799]LogAudioMixer: Error: Audio Platform Device Error: 0x80070005: UNKNOWN (File D:/Build/++UE4/Sync/Engine/Source/Runtime/Windows/AudioMixerXAudio2/Private/AudioMixerPlatformXAudio2.cpp, Line 867)
[2020.05.06-07.39.03:149][802]LogTemp: Resetting audio stream to device id 
[2020.05.06-07.39.03:194][802]LogAudioMixer: Display: Audio Device Output Speaker Info:
[2020.05.06-07.39.03:194][802]LogAudioMixer: Display: Name: Speakers (Logitech Wireless Headset)
[2020.05.06-07.39.03:194][802]LogAudioMixer: Display: Is Default: Yes
[2020.05.06-07.39.03:194][802]LogAudioMixer: Display: Sample Rate: 48000
[2020.05.06-07.39.03:194][802]LogAudioMixer: Display: Channel Count Used: 2
[2020.05.06-07.39.03:194][802]LogAudioMixer: Display: Device Channel Count: 2
[2020.05.06-07.39.03:195][802]LogAudioMixer: Display: Channel Order:
[2020.05.06-07.39.03:195][802]LogAudioMixer: Display: 0: FrontLeft
[2020.05.06-07.39.03:195][802]LogAudioMixer: Display: 1: FrontRight
[2020.05.06-07.39.03:260][802]LogAudioMixer: Error: Audio Platform Device Error: 0x80070005: UNKNOWN (File D:/Build/++UE4/Sync/Engine/Source/Runtime/Windows/AudioMixerXAudio2/Private/AudioMixerPlatformXAudio2.cpp, Line 867)
[2020.05.06-07.39.04:146][805]LogTemp: Resetting audio stream to device id 
[2020.05.06-07.39.04:161][805]LogAudioMixer: Display: Audio Device Output Speaker Info:
[2020.05.06-07.39.04:161][805]LogAudioMixer: Display: Name: Speakers (Logitech Wireless Headset)
[2020.05.06-07.39.04:161][805]LogAudioMixer: Display: Is Default: Yes
[2020.05.06-07.39.04:161][805]LogAudioMixer: Display: Sample Rate: 48000
[2020.05.06-07.39.04:161][805]LogAudioMixer: Display: Channel Count Used: 2
[2020.05.06-07.39.04:161][805]LogAudioMixer: Display: Device Channel Count: 2
[2020.05.06-07.39.04:161][805]LogAudioMixer: Display: Channel Order:
[2020.05.06-07.39.04:161][805]LogAudioMixer: Display: 0: FrontLeft
[2020.05.06-07.39.04:161][805]LogAudioMixer: Display: 1: FrontRight
[2020.05.06-07.39.04:221][805]LogAudioMixer: Error: Audio Platform Device Error: 0x80070005: UNKNOWN (File D:/Build/++UE4/Sync/Engine/Source/Runtime/Windows/AudioMixerXAudio2/Private/AudioMixerPlatformXAudio2.cpp, Line 867)
[2020.05.06-07.39.05:149][808]LogTemp: Resetting audio stream to device id 
[2020.05.06-07.39.05:194][808]LogAudioMixer: Display: Audio Device Output Speaker Info:
[2020.05.06-07.39.05:194][808]LogAudioMixer: Display: Name: Speakers (Logitech Wireless Headset)
[2020.05.06-07.39.05:195][808]LogAudioMixer: Display: Is Default: Yes
[2020.05.06-07.39.05:195][808]LogAudioMixer: Display: Sample Rate: 48000
[2020.05.06-07.39.05:195][808]LogAudioMixer: Display: Channel Count Used: 2
[2020.05.06-07.39.05:195][808]LogAudioMixer: Display: Device Channel Count: 2
[2020.05.06-07.39.05:195][808]LogAudioMixer: Display: Channel Order:
[2020.05.06-07.39.05:195][808]LogAudioMixer: Display: 0: FrontLeft
[2020.05.06-07.39.05:195][808]LogAudioMixer: Display: 1: FrontRight
[2020.05.06-07.39.05:268][808]LogAudioMixer: Error: Audio Platform Device Error: 0x80070005: UNKNOWN (File D:/Build/++UE4/Sync/Engine/Source/Runtime/Windows/AudioMixerXAudio2/Private/AudioMixerPlatformXAudio2.cpp, Line 867)
